	Account Domain:		WORKGROUP
	Logon ID:		0x3E7

Target Subject:
	Security ID:		S-1-0-0
	Account Name:		-
	Account Domain:		-
	Logon ID:		0x0

Process Information:
	New Process ID:		0x37e8
	New Process Name:	C:\Windows\System32\svchost.exe
	Token Elevation Type:	TokenElevationTypeDefault (1)
	Mandatory Label:		S-1-16-16384
	Creator Process ID:	0x224
	Creator Process Name:	C:\Windows\System32\services.exe
	Process Command Line:	C:\WINDOWS\system32\svchost.exe -k wsappx -p -s AppXSvc

Token Elevation Type indicates the type of token that was assigned to the new process in accordance with User Account Control policy.

Type 1 is a full token with no privileges removed or groups disabled.  A full token is only used if User Account Control is disabled or if the user is the built-in Administrator account or a service account.

Type 2 is an elevated token with no privileges removed or groups disabled.  An elevated token is used when User Account Control is enabled and the user chooses to start the program using Run as administrator.  An elevated token is also used when an application is configured to always require administrative privilege or to always require maximum privilege, and the user is a member of the Administrators group.

Type 3 is a limited token with administrative privileges removed and administrative groups disabled.  The limited token is used when User Account Control is enabled, the application does not require administrative privilege, and the user does not choose to start the program using Run as administrator.","2026-02-03T18:10:47.994+00:00",,VICTIM,main,,"//_::._=====___.===_=__==_____.\r\r_:\rt_:tt---\rt_:tt","WinEventLog:Security","WinEventLog:Security",ubuntusplunk,
"WORKGROUP
-","VICTIM$
-",,VICTIM,0x1bb0,"C:\Windows\System32\svchost.exe",,4688,0,,,"Audit Success",,Security,,"0x3E7
0x0",,,"S-1-16-16384","A new process has been created.

Creator Subject:
	Security ID:		S-1-5-18
	Account Name:		VICTIM$
	Account Domain:		WORKGROUP
	Logon ID:		0x3E7

Target Subject:
	Security ID:		S-1-0-0
	Account Name:		-
	Account Domain:		-
	Logon ID:		0x0

Process Information:
	New Process ID:		0x21b8
	New Process Name:	C:\Windows\System32\sdbinst.exe
	Token Elevation Type:	TokenElevationTypeDefault (1)
	Mandatory Label:		S-1-16-16384
	Creator Process ID:	0x1bb0
	Creator Process Name:	C:\Windows\System32\svchost.exe
	Process Command Line:	C:\WINDOWS\System32\sdbinst.exe -m -bg

Token Elevation Type indicates the type of token that was assigned to the new process in accordance with User Account Control policy.

Type 1 is a full token with no privileges removed or groups disabled.  A full token is only used if User Account Control is disabled or if the user is the built-in Administrator account or a service account.

Type 2 is an elevated token with no privileges removed or groups disabled.  An elevated token is used when User Account Control is enabled and the user chooses to start the program using Run as administrator.  An elevated token is also used when an application is configured to always require administrative privilege or to always require maximum privilege, and the user is a member of the Administrators group.

Type 3 is a limited token with administrative privileges removed and administrative groups disabled.  The limited token is used when User Account Control is enabled, the application does not require administrative privilege, and the user does not choose to start the program using Run as administrator.",,,0x21b8,"C:\Windows\System32\sdbinst.exe",Info,,,"C:\WINDOWS\System32\sdbinst.exe -m -bg",,,88767,,,"S-1-5-18
S-1-0-0",,,"Microsoft Windows security auditing.",,,"Audit Policy Change","TokenElevationTypeDefault (1)",,Information,,,"02/03/2026 06:10:48.141 PM
LogName=Security
EventCode=4688
EventType=0
ComputerName=VICTIM
SourceName=Microsoft Windows security auditing.
Type=Information
RecordNumber=88767
Keywords=Audit Success
TaskCategory=Audit Policy Change
OpCode=Info
Message=A new process has been created.

Creator Subject:
	Security ID:		S-1-5-18
	Account Name:		VICTIM$
	Account Domain:		WORKGROUP
	Logon ID:		0x3E7

Target Subject:
	Security ID:		S-1-0-0
	Account Name:		-
	Account Domain:		-
	Logon ID:		0x0

Process Information:
	New Process ID:		0x21b8
	New Process Name:	C:\Windows\System32\sdbinst.exe
	Token Elevation Type:	TokenElevationTypeDefault (1)
	Mandatory Label:		S-1-16-16384
	Creator Process ID:	0x1bb0
	Creator Process Name:	C:\Windows\System32\svchost.exe
	Process Command Line:	C:\WINDOWS\System32\sdbinst.exe -m -bg

Token Elevation Type indicates the type of token that was assigned to the new process in accordance with User Account Control policy.

Type 1 is a full token with no privileges removed or groups disabled.  A full token is only used if User Account Control is disabled or if the user is the built-in Administrator account or a service account.

Type 2 is an elevated token with no privileges removed or groups disabled.  An elevated token is used when User Account Control is enabled and the user chooses to start the program using Run as administrator.  An elevated token is also used when an application is configured to always require administrative privilege or to always require maximum privilege, and the user is a member of the Administrators group.

Type 3 is a limited token with administrative privileges removed and administrative groups disabled.  The limited token is used when User Account Control is enabled, the application does not require administrative privilege, and the user does not choose to start the program using Run as administrator.","2026-02-03T18:10:48.141+00:00",,VICTIM,main,,"//_::._=====___.===_=__==_____.\r\r_:\rt_:tt---\rt_:tt","WinEventLog:Security","WinEventLog:Security",ubuntusplunk,
"WORKGROUP
-","VICTIM$
-",,VICTIM,0x21b8,"C:\Windows\System32\sdbinst.exe",,4688,0,,,"Audit Success",,Security,,"0x3E7
0x0",,,"S-1-16-16384","A new process has been created.

Creator Subject:
	Security ID:		S-1-5-18
	Account Name:		VICTIM$
	Account Domain:		WORKGROUP
	Logon ID:		0x3E7

Target Subject:
	Security ID:		S-1-0-0
	Account Name:		-
	Account Domain:		-
	Logon ID:		0x0

Process Information:
	New Process ID:		0x3a64
	New Process Name:	C:\Windows\System32\conhost.exe
	Token Elevation Type:	TokenElevationTypeDefault (1)
	Mandatory Label:		S-1-16-16384
	Creator Process ID:	0x21b8
	Creator Process Name:	C:\Windows\System32\sdbinst.exe
	Process Command Line:	\??\C:\WINDOWS\system32\conhost.exe 0xffffffff -ForceV1

Token Elevation Type indicates the type of token that was assigned to the new process in accordance with User Account Control policy.

Type 1 is a full token with no privileges removed or groups disabled.  A full token is only used if User Account Control is disabled or if the user is the built-in Administrator account or a service account.

Type 2 is an elevated token with no privileges removed or groups disabled.  An elevated token is used when User Account Control is enabled and the user chooses to start the program using Run as administrator.  An elevated token is also used when an application is configured to always require administrative privilege or to always require maximum privilege, and the user is a member of the Administrators group.

Type 3 is a limited token with administrative privileges removed and administrative groups disabled.  The limited token is used when User Account Control is enabled, the application does not require administrative privilege, and the user does not choose to start the program using Run as administrator.",,,0x3a64,"C:\Windows\System32\conhost.exe",Info,,,"\??\C:\WINDOWS\system32\conhost.exe 0xffffffff -ForceV1",,,88768,,,"S-1-5-18
S-1-0-0",,,"Microsoft Windows security auditing.",,,"Audit Policy Change","TokenElevationTypeDefault (1)",,Information,,,"02/03/2026 06:10:48.148 PM
LogName=Security
EventCode=4688
EventType=0
ComputerName=VICTIM
SourceName=Microsoft Windows security auditing.
Type=Information
RecordNumber=88768
Keywords=Audit Success
TaskCategory=Audit Policy Change
OpCode=Info
Message=A new process has been created.

Creator Subject:
	Security ID:		S-1-5-18
	Account Name:		VICTIM$
	Account Domain:		WORKGROUP
	Logon ID:		0x3E7

Target Subject:
	Security ID:		S-1-0-0
	Account Name:		-
	Account Domain:		-
	Logon ID:		0x0

Process Information:
	New Process ID:		0x3a64
	New Process Name:	C:\Windows\System32\conhost.exe
	Token Elevation Type:	TokenElevationTypeDefault (1)
	Mandatory Label:		S-1-16-16384
	Creator Process ID:	0x21b8
	Creator Process Name:	C:\Windows\System32\sdbinst.exe
	Process Command Line:	\??\C:\WINDOWS\system32\conhost.exe 0xffffffff -ForceV1

Token Elevation Type indicates the type of token that was assigned to the new process in accordance with User Account Control policy.

Type 1 is a full token with no privileges removed or groups disabled.  A full token is only used if User Account Control is disabled or if the user is the built-in Administrator account or a service account.

Type 2 is an elevated token with no privileges removed or groups disabled.  An elevated token is used when User Account Control is enabled and the user chooses to start the program using Run as administrator.  An elevated token is also used when an application is configured to always require administrative privilege or to always require maximum privilege, and the user is a member of the Administrators group.

Type 3 is a limited token with administrative privileges removed and administrative groups disabled.  The limited token is used when User Account Control is enabled, the application does not require administrative privilege, and the user does not choose to start the program using Run as administrator.","2026-02-03T18:10:48.148+00:00",,VICTIM,main,,"//_::._=====___.===_=__==_____.\r\r_:\rt_:tt---\rt_:tt","WinEventLog:Security","WinEventLog:Security",ubuntusplunk,
