	Account Domain:		WORKGROUP
	Logon ID:		0x3E7

Target Subject:
	Security ID:		S-1-5-21-727146610-3394595036-2923096618-1001
	Account Name:		userd
	Account Domain:		VICTIM
	Logon ID:		0x23FB9

Process Information:
	New Process ID:		0x3260
	New Process Name:	C:\Windows\System32\backgroundTaskHost.exe
	Token Elevation Type:	TokenElevationTypeLimited (3)
	Mandatory Label:		S-1-16-8192
	Creator Process ID:	0x444
	Creator Process Name:	C:\Windows\System32\svchost.exe
	Process Command Line:	""C:\WINDOWS\system32\backgroundTaskHost.exe"" -ServerName:App.AppXapskvk16gk8da8kch5g4qxh42vxccved.mca

Token Elevation Type indicates the type of token that was assigned to the new process in accordance with User Account Control policy.

Type 1 is a full token with no privileges removed or groups disabled.  A full token is only used if User Account Control is disabled or if the user is the built-in Administrator account or a service account.

Type 2 is an elevated token with no privileges removed or groups disabled.  An elevated token is used when User Account Control is enabled and the user chooses to start the program using Run as administrator.  An elevated token is also used when an application is configured to always require administrative privilege or to always require maximum privilege, and the user is a member of the Administrators group.

Type 3 is a limited token with administrative privileges removed and administrative groups disabled.  The limited token is used when User Account Control is enabled, the application does not require administrative privilege, and the user does not choose to start the program using Run as administrator.",,,0x3260,"C:\Windows\System32\backgroundTaskHost.exe",Info,,,"""C:\WINDOWS\system32\backgroundTaskHost.exe"" -ServerName:App.AppXapskvk16gk8da8kch5g4qxh42vxccved.mca",,,88627,,,"S-1-5-18
S-1-5-21-727146610-3394595036-2923096618-1001",,,"Microsoft Windows security auditing.",,,"Audit Policy Change","TokenElevationTypeLimited (3)",,Information,,,"02/03/2026 05:52:29.777 PM
LogName=Security
EventCode=4688
EventType=0
ComputerName=VICTIM
SourceName=Microsoft Windows security auditing.
Type=Information
RecordNumber=88627
Keywords=Audit Success
TaskCategory=Audit Policy Change
OpCode=Info
Message=A new process has been created.

Creator Subject:
	Security ID:		S-1-5-18
	Account Name:		VICTIM$
	Account Domain:		WORKGROUP
	Logon ID:		0x3E7

Target Subject:
	Security ID:		S-1-5-21-727146610-3394595036-2923096618-1001
	Account Name:		userd
	Account Domain:		VICTIM
	Logon ID:		0x23FB9

Process Information:
	New Process ID:		0x3260
	New Process Name:	C:\Windows\System32\backgroundTaskHost.exe
	Token Elevation Type:	TokenElevationTypeLimited (3)
	Mandatory Label:		S-1-16-8192
	Creator Process ID:	0x444
	Creator Process Name:	C:\Windows\System32\svchost.exe
	Process Command Line:	""C:\WINDOWS\system32\backgroundTaskHost.exe"" -ServerName:App.AppXapskvk16gk8da8kch5g4qxh42vxccved.mca

Token Elevation Type indicates the type of token that was assigned to the new process in accordance with User Account Control policy.

Type 1 is a full token with no privileges removed or groups disabled.  A full token is only used if User Account Control is disabled or if the user is the built-in Administrator account or a service account.

Type 2 is an elevated token with no privileges removed or groups disabled.  An elevated token is used when User Account Control is enabled and the user chooses to start the program using Run as administrator.  An elevated token is also used when an application is configured to always require administrative privilege or to always require maximum privilege, and the user is a member of the Administrators group.

Type 3 is a limited token with administrative privileges removed and administrative groups disabled.  The limited token is used when User Account Control is enabled, the application does not require administrative privilege, and the user does not choose to start the program using Run as administrator.","2026-02-03T17:52:29.777+00:00",,VICTIM,main,41,"//_::._=====___.===_=__==_____.\r\r_:\rt_:tt---\rt_:tt","WinEventLog:Security","WinEventLog:Security",ubuntusplunk,
WORKGROUP,"VICTIM$",,VICTIM,,,,4673,0,,,"Audit Success",,Security,,0x3E7,,,,"A privileged service was called.

Subject:
	Security ID:		S-1-5-18
	Account Name:		VICTIM$
	Account Domain:		WORKGROUP
	Logon ID:		0x3E7

Service:
	Server:	NT Local Security Authority / Authentication Service
	Service Name:	LsaRegisterLogonProcess()

Process:
	Process ID:	0x270
	Process Name:	C:\Windows\System32\lsass.exe

Service Request Information:
	Privileges:		SeTcbPrivilege",,,,,Info,,SeTcbPrivilege,,0x270,"C:\Windows\System32\lsass.exe",88626,,,"S-1-5-18","NT Local Security Authority / Authentication Service","LsaRegisterLogonProcess()","Microsoft Windows security auditing.",,,"Audit Policy Change",,,Information,,,"02/03/2026 05:52:02.233 PM
LogName=Security
EventCode=4673
EventType=0
ComputerName=VICTIM
SourceName=Microsoft Windows security auditing.
Type=Information
RecordNumber=88626
Keywords=Audit Success
TaskCategory=Audit Policy Change
OpCode=Info
Message=A privileged service was called.

Subject:
	Security ID:		S-1-5-18
	Account Name:		VICTIM$
	Account Domain:		WORKGROUP
	Logon ID:		0x3E7

Service:
	Server:	NT Local Security Authority / Authentication Service
	Service Name:	LsaRegisterLogonProcess()

Process:
	Process ID:	0x270
	Process Name:	C:\Windows\System32\lsass.exe

Service Request Information:
	Privileges:		SeTcbPrivilege","2026-02-03T17:52:02.233+00:00",,VICTIM,main,29,"//_::._=====___.===_=__==____.\r\r:\rt_:tt---\rt_:tt$\r","WinEventLog:Security","WinEventLog:Security",ubuntusplunk,
"WORKGROUP
-","VICTIM$
-",,VICTIM,0xbc8,"C:\Program Files (x86)\Microsoft\EdgeUpdate\MicrosoftEdgeUpdate.exe",,4688,0,,,"Audit Success",,Security,,"0x3E7
0x0",,,"S-1-16-16384","A new process has been created.

Creator Subject:
	Security ID:		S-1-5-18
	Account Name:		VICTIM$
	Account Domain:		WORKGROUP
	Logon ID:		0x3E7

Target Subject:
	Security ID:		S-1-0-0
	Account Name:		-
	Account Domain:		-
	Logon ID:		0x0

Process Information:
	New Process ID:		0x2b4
	New Process Name:	C:\Program Files (x86)\Microsoft\EdgeUpdate\MicrosoftEdgeUpdate.exe
	Token Elevation Type:	TokenElevationTypeDefault (1)
	Mandatory Label:		S-1-16-16384
	Creator Process ID:	0xbc8
	Creator Process Name:	C:\Program Files (x86)\Microsoft\EdgeUpdate\MicrosoftEdgeUpdate.exe
	Process Command Line:	""C:\Program Files (x86)\Microsoft\EdgeUpdate\MicrosoftEdgeUpdate.exe"" /ua /installsource core

Token Elevation Type indicates the type of token that was assigned to the new process in accordance with User Account Control policy.

Type 1 is a full token with no privileges removed or groups disabled.  A full token is only used if User Account Control is disabled or if the user is the built-in Administrator account or a service account.

Type 2 is an elevated token with no privileges removed or groups disabled.  An elevated token is used when User Account Control is enabled and the user chooses to start the program using Run as administrator.  An elevated token is also used when an application is configured to always require administrative privilege or to always require maximum privilege, and the user is a member of the Administrators group.

Type 3 is a limited token with administrative privileges removed and administrative groups disabled.  The limited token is used when User Account Control is enabled, the application does not require administrative privilege, and the user does not choose to start the program using Run as administrator.",,,0x2b4,"C:\Program Files (x86)\Microsoft\EdgeUpdate\MicrosoftEdgeUpdate.exe",Info,,,"""C:\Program Files (x86)\Microsoft\EdgeUpdate\MicrosoftEdgeUpdate.exe"" /ua /installsource core",,,88625,,,"S-1-5-18
S-1-0-0",,,"Microsoft Windows security auditing.",,,"Audit Policy Change","TokenElevationTypeDefault (1)",,Information,,,"02/03/2026 05:52:02.183 PM
LogName=Security
EventCode=4688
EventType=0
ComputerName=VICTIM
SourceName=Microsoft Windows security auditing.
Type=Information
RecordNumber=88625
Keywords=Audit Success
TaskCategory=Audit Policy Change
OpCode=Info
Message=A new process has been created.

Creator Subject:
	Security ID:		S-1-5-18
	Account Name:		VICTIM$
	Account Domain:		WORKGROUP
	Logon ID:		0x3E7

Target Subject:
	Security ID:		S-1-0-0
	Account Name:		-
	Account Domain:		-
	Logon ID:		0x0

Process Information:
	New Process ID:		0x2b4
	New Process Name:	C:\Program Files (x86)\Microsoft\EdgeUpdate\MicrosoftEdgeUpdate.exe
	Token Elevation Type:	TokenElevationTypeDefault (1)
	Mandatory Label:		S-1-16-16384
	Creator Process ID:	0xbc8
	Creator Process Name:	C:\Program Files (x86)\Microsoft\EdgeUpdate\MicrosoftEdgeUpdate.exe
	Process Command Line:	""C:\Program Files (x86)\Microsoft\EdgeUpdate\MicrosoftEdgeUpdate.exe"" /ua /installsource core

Token Elevation Type indicates the type of token that was assigned to the new process in accordance with User Account Control policy.

Type 1 is a full token with no privileges removed or groups disabled.  A full token is only used if User Account Control is disabled or if the user is the built-in Administrator account or a service account.

Type 2 is an elevated token with no privileges removed or groups disabled.  An elevated token is used when User Account Control is enabled and the user chooses to start the program using Run as administrator.  An elevated token is also used when an application is configured to always require administrative privilege or to always require maximum privilege, and the user is a member of the Administrators group.

Type 3 is a limited token with administrative privileges removed and administrative groups disabled.  The limited token is used when User Account Control is enabled, the application does not require administrative privilege, and the user does not choose to start the program using Run as administrator.","2026-02-03T17:52:02.183+00:00",,VICTIM,main,41,"//_::._=====___.===_=__==_____.\r\r_:\rt_:tt---\rt_:tt","WinEventLog:Security","WinEventLog:Security",ubuntusplunk,
"WORKGROUP
-","VICTIM$
-",,VICTIM,0x1860,"C:\Program Files\SplunkUniversalForwarder\bin\splunkd.exe",,4688,0,,,"Audit Success",,Security,,"0x3E7
0x0",,,"S-1-16-16384","A new process has been created.

Creator Subject:
	Security ID:		S-1-5-18
	Account Name:		VICTIM$
	Account Domain:		WORKGROUP
	Logon ID:		0x3E7

Target Subject:
	Security ID:		S-1-0-0
	Account Name:		-
	Account Domain:		-
	Logon ID:		0x0

Process Information:
	New Process ID:		0x2340
	New Process Name:	C:\Program Files\SplunkUniversalForwarder\bin\splunk-regmon.exe
	Token Elevation Type:	TokenElevationTypeDefault (1)
	Mandatory Label:		S-1-16-16384
	Creator Process ID:	0x1860
	Creator Process Name:	C:\Program Files\SplunkUniversalForwarder\bin\splunkd.exe
	Process Command Line:	""C:\Program Files\SplunkUniversalForwarder\bin\splunk-regmon.exe""

Token Elevation Type indicates the type of token that was assigned to the new process in accordance with User Account Control policy.

Type 1 is a full token with no privileges removed or groups disabled.  A full token is only used if User Account Control is disabled or if the user is the built-in Administrator account or a service account.

Type 2 is an elevated token with no privileges removed or groups disabled.  An elevated token is used when User Account Control is enabled and the user chooses to start the program using Run as administrator.  An elevated token is also used when an application is configured to always require administrative privilege or to always require maximum privilege, and the user is a member of the Administrators group.

Type 3 is a limited token with administrative privileges removed and administrative groups disabled.  The limited token is used when User Account Control is enabled, the application does not require administrative privilege, and the user does not choose to start the program using Run as administrator.",,,0x2340,"C:\Program Files\SplunkUniversalForwarder\bin\splunk-regmon.exe",Info,,,"""C:\Program Files\SplunkUniversalForwarder\bin\splunk-regmon.exe""",,,88624,,,"S-1-5-18
S-1-0-0",,,"Microsoft Windows security auditing.",,,"Audit Policy Change","TokenElevationTypeDefault (1)",,Information,,,"02/03/2026 05:51:38.612 PM
LogName=Security
EventCode=4688
EventType=0
ComputerName=VICTIM
SourceName=Microsoft Windows security auditing.
Type=Information
RecordNumber=88624
Keywords=Audit Success
TaskCategory=Audit Policy Change
OpCode=Info
Message=A new process has been created.

Creator Subject:
	Security ID:		S-1-5-18
	Account Name:		VICTIM$
	Account Domain:		WORKGROUP
	Logon ID:		0x3E7

Target Subject:
	Security ID:		S-1-0-0
	Account Name:		-
	Account Domain:		-
	Logon ID:		0x0

Process Information:
	New Process ID:		0x2340
	New Process Name:	C:\Program Files\SplunkUniversalForwarder\bin\splunk-regmon.exe
	Token Elevation Type:	TokenElevationTypeDefault (1)
	Mandatory Label:		S-1-16-16384
	Creator Process ID:	0x1860
	Creator Process Name:	C:\Program Files\SplunkUniversalForwarder\bin\splunkd.exe
	Process Command Line:	""C:\Program Files\SplunkUniversalForwarder\bin\splunk-regmon.exe""

Token Elevation Type indicates the type of token that was assigned to the new process in accordance with User Account Control policy.

Type 1 is a full token with no privileges removed or groups disabled.  A full token is only used if User Account Control is disabled or if the user is the built-in Administrator account or a service account.

Type 2 is an elevated token with no privileges removed or groups disabled.  An elevated token is used when User Account Control is enabled and the user chooses to start the program using Run as administrator.  An elevated token is also used when an application is configured to always require administrative privilege or to always require maximum privilege, and the user is a member of the Administrators group.

Type 3 is a limited token with administrative privileges removed and administrative groups disabled.  The limited token is used when User Account Control is enabled, the application does not require administrative privilege, and the user does not choose to start the program using Run as administrator.","2026-02-03T17:51:38.612+00:00",,VICTIM,main,41,"//_::._=====___.===_=__==_____.\r\r_:\rt_:tt---\rt_:tt","WinEventLog:Security","WinEventLog:Security",ubuntusplunk,
"WORKGROUP
-","VICTIM$
-",,VICTIM,0x1860,"C:\Program Files\SplunkUniversalForwarder\bin\splunkd.exe",,4688,0,,,"Audit Success",,Security,,"0x3E7
0x0",,,"S-1-16-16384","A new process has been created.

Creator Subject:
	Security ID:		S-1-5-18
	Account Name:		VICTIM$
	Account Domain:		WORKGROUP
	Logon ID:		0x3E7

Target Subject:
	Security ID:		S-1-0-0
	Account Name:		-
	Account Domain:		-
	Logon ID:		0x0

Process Information:
	New Process ID:		0x774
	New Process Name:	C:\Program Files\SplunkUniversalForwarder\bin\splunk-powershell.exe
	Token Elevation Type:	TokenElevationTypeDefault (1)
	Mandatory Label:		S-1-16-16384
	Creator Process ID:	0x1860
	Creator Process Name:	C:\Program Files\SplunkUniversalForwarder\bin\splunkd.exe
	Process Command Line:	""C:\Program Files\SplunkUniversalForwarder\bin\splunk-powershell.exe"" --ps2

Token Elevation Type indicates the type of token that was assigned to the new process in accordance with User Account Control policy.

Type 1 is a full token with no privileges removed or groups disabled.  A full token is only used if User Account Control is disabled or if the user is the built-in Administrator account or a service account.

Type 2 is an elevated token with no privileges removed or groups disabled.  An elevated token is used when User Account Control is enabled and the user chooses to start the program using Run as administrator.  An elevated token is also used when an application is configured to always require administrative privilege or to always require maximum privilege, and the user is a member of the Administrators group.

Type 3 is a limited token with administrative privileges removed and administrative groups disabled.  The limited token is used when User Account Control is enabled, the application does not require administrative privilege, and the user does not choose to start the program using Run as administrator.",,,0x774,"C:\Program Files\SplunkUniversalForwarder\bin\splunk-powershell.exe",Info,,,"""C:\Program Files\SplunkUniversalForwarder\bin\splunk-powershell.exe"" --ps2",,,88623,,,"S-1-5-18
S-1-0-0",,,"Microsoft Windows security auditing.",,,"Audit Policy Change","TokenElevationTypeDefault (1)",,Information,,,"02/03/2026 05:51:37.845 PM
LogName=Security
EventCode=4688
EventType=0
ComputerName=VICTIM
SourceName=Microsoft Windows security auditing.
Type=Information
RecordNumber=88623
Keywords=Audit Success
TaskCategory=Audit Policy Change
OpCode=Info
Message=A new process has been created.

Creator Subject:
	Security ID:		S-1-5-18
	Account Name:		VICTIM$
	Account Domain:		WORKGROUP
	Logon ID:		0x3E7

Target Subject:
	Security ID:		S-1-0-0
	Account Name:		-
	Account Domain:		-
	Logon ID:		0x0

Process Information:
	New Process ID:		0x774
	New Process Name:	C:\Program Files\SplunkUniversalForwarder\bin\splunk-powershell.exe
	Token Elevation Type:	TokenElevationTypeDefault (1)
	Mandatory Label:		S-1-16-16384
	Creator Process ID:	0x1860
	Creator Process Name:	C:\Program Files\SplunkUniversalForwarder\bin\splunkd.exe
	Process Command Line:	""C:\Program Files\SplunkUniversalForwarder\bin\splunk-powershell.exe"" --ps2

Token Elevation Type indicates the type of token that was assigned to the new process in accordance with User Account Control policy.

Type 1 is a full token with no privileges removed or groups disabled.  A full token is only used if User Account Control is disabled or if the user is the built-in Administrator account or a service account.

Type 2 is an elevated token with no privileges removed or groups disabled.  An elevated token is used when User Account Control is enabled and the user chooses to start the program using Run as administrator.  An elevated token is also used when an application is configured to always require administrative privilege or to always require maximum privilege, and the user is a member of the Administrators group.

Type 3 is a limited token with administrative privileges removed and administrative groups disabled.  The limited token is used when User Account Control is enabled, the application does not require administrative privilege, and the user does not choose to start the program using Run as administrator.","2026-02-03T17:51:37.845+00:00",,VICTIM,main,41,"//_::._=====___.===_=__==_____.\r\r_:\rt_:tt---\rt_:tt","WinEventLog:Security","WinEventLog:Security",ubuntusplunk,
"WORKGROUP
-","VICTIM$
-",,VICTIM,0x1860,"C:\Program Files\SplunkUniversalForwarder\bin\splunkd.exe",,4688,0,,,"Audit Success",,Security,,"0x3E7
0x0",,,"S-1-16-16384","A new process has been created.

Creator Subject:
	Security ID:		S-1-5-18
	Account Name:		VICTIM$
	Account Domain:		WORKGROUP
	Logon ID:		0x3E7

Target Subject:
	Security ID:		S-1-0-0
	Account Name:		-
	Account Domain:		-
	Logon ID:		0x0

Process Information:
	New Process ID:		0x2ef8
	New Process Name:	C:\Program Files\SplunkUniversalForwarder\bin\splunk-netmon.exe
	Token Elevation Type:	TokenElevationTypeDefault (1)
	Mandatory Label:		S-1-16-16384
	Creator Process ID:	0x1860
	Creator Process Name:	C:\Program Files\SplunkUniversalForwarder\bin\splunkd.exe
	Process Command Line:	""C:\Program Files\SplunkUniversalForwarder\bin\splunk-netmon.exe""

Token Elevation Type indicates the type of token that was assigned to the new process in accordance with User Account Control policy.

Type 1 is a full token with no privileges removed or groups disabled.  A full token is only used if User Account Control is disabled or if the user is the built-in Administrator account or a service account.

Type 2 is an elevated token with no privileges removed or groups disabled.  An elevated token is used when User Account Control is enabled and the user chooses to start the program using Run as administrator.  An elevated token is also used when an application is configured to always require administrative privilege or to always require maximum privilege, and the user is a member of the Administrators group.

Type 3 is a limited token with administrative privileges removed and administrative groups disabled.  The limited token is used when User Account Control is enabled, the application does not require administrative privilege, and the user does not choose to start the program using Run as administrator.",,,0x2ef8,"C:\Program Files\SplunkUniversalForwarder\bin\splunk-netmon.exe",Info,,,"""C:\Program Files\SplunkUniversalForwarder\bin\splunk-netmon.exe""",,,88622,,,"S-1-5-18
S-1-0-0",,,"Microsoft Windows security auditing.",,,"Audit Policy Change","TokenElevationTypeDefault (1)",,Information,,,"02/03/2026 05:51:37.080 PM
LogName=Security
EventCode=4688
EventType=0
ComputerName=VICTIM
SourceName=Microsoft Windows security auditing.
Type=Information
RecordNumber=88622
Keywords=Audit Success
TaskCategory=Audit Policy Change
OpCode=Info
Message=A new process has been created.

Creator Subject:
	Security ID:		S-1-5-18
	Account Name:		VICTIM$
	Account Domain:		WORKGROUP
	Logon ID:		0x3E7

Target Subject:
	Security ID:		S-1-0-0
	Account Name:		-
	Account Domain:		-
	Logon ID:		0x0

Process Information:
	New Process ID:		0x2ef8
	New Process Name:	C:\Program Files\SplunkUniversalForwarder\bin\splunk-netmon.exe
	Token Elevation Type:	TokenElevationTypeDefault (1)
	Mandatory Label:		S-1-16-16384
	Creator Process ID:	0x1860
	Creator Process Name:	C:\Program Files\SplunkUniversalForwarder\bin\splunkd.exe
	Process Command Line:	""C:\Program Files\SplunkUniversalForwarder\bin\splunk-netmon.exe""

Token Elevation Type indicates the type of token that was assigned to the new process in accordance with User Account Control policy.

Type 1 is a full token with no privileges removed or groups disabled.  A full token is only used if User Account Control is disabled or if the user is the built-in Administrator account or a service account.

Type 2 is an elevated token with no privileges removed or groups disabled.  An elevated token is used when User Account Control is enabled and the user chooses to start the program using Run as administrator.  An elevated token is also used when an application is configured to always require administrative privilege or to always require maximum privilege, and the user is a member of the Administrators group.

Type 3 is a limited token with administrative privileges removed and administrative groups disabled.  The limited token is used when User Account Control is enabled, the application does not require administrative privilege, and the user does not choose to start the program using Run as administrator.","2026-02-03T17:51:37.080+00:00",,VICTIM,main,41,"//_::._=====___.===_=__==_____.\r\r_:\rt_:tt---\rt_:tt","WinEventLog:Security","WinEventLog:Security",ubuntusplunk,
"WORKGROUP
-","VICTIM$
-",,VICTIM,0x1860,"C:\Program Files\SplunkUniversalForwarder\bin\splunkd.exe",,4688,0,,,"Audit Success",,Security,,"0x3E7
0x0",,,"S-1-16-16384","A new process has been created.

Creator Subject:
	Security ID:		S-1-5-18
	Account Name:		VICTIM$
	Account Domain:		WORKGROUP
	Logon ID:		0x3E7

Target Subject:
	Security ID:		S-1-0-0
	Account Name:		-
	Account Domain:		-
	Logon ID:		0x0

Process Information:
	New Process ID:		0x1360
	New Process Name:	C:\Program Files\SplunkUniversalForwarder\bin\splunk-MonitorNoHandle.exe
	Token Elevation Type:	TokenElevationTypeDefault (1)
	Mandatory Label:		S-1-16-16384
	Creator Process ID:	0x1860
	Creator Process Name:	C:\Program Files\SplunkUniversalForwarder\bin\splunkd.exe
	Process Command Line:	""C:\Program Files\SplunkUniversalForwarder\bin\splunk-MonitorNoHandle.exe""

Token Elevation Type indicates the type of token that was assigned to the new process in accordance with User Account Control policy.

Type 1 is a full token with no privileges removed or groups disabled.  A full token is only used if User Account Control is disabled or if the user is the built-in Administrator account or a service account.

Type 2 is an elevated token with no privileges removed or groups disabled.  An elevated token is used when User Account Control is enabled and the user chooses to start the program using Run as administrator.  An elevated token is also used when an application is configured to always require administrative privilege or to always require maximum privilege, and the user is a member of the Administrators group.

Type 3 is a limited token with administrative privileges removed and administrative groups disabled.  The limited token is used when User Account Control is enabled, the application does not require administrative privilege, and the user does not choose to start the program using Run as administrator.",,,0x1360,"C:\Program Files\SplunkUniversalForwarder\bin\splunk-MonitorNoHandle.exe",Info,,,"""C:\Program Files\SplunkUniversalForwarder\bin\splunk-MonitorNoHandle.exe""",,,88621,,,"S-1-5-18
S-1-0-0",,,"Microsoft Windows security auditing.",,,"Audit Policy Change","TokenElevationTypeDefault (1)",,Information,,,"02/03/2026 05:51:36.314 PM
LogName=Security
EventCode=4688
EventType=0
ComputerName=VICTIM
SourceName=Microsoft Windows security auditing.
Type=Information
RecordNumber=88621
Keywords=Audit Success
TaskCategory=Audit Policy Change
OpCode=Info
Message=A new process has been created.

Creator Subject:
	Security ID:		S-1-5-18
	Account Name:		VICTIM$
	Account Domain:		WORKGROUP
	Logon ID:		0x3E7

Target Subject:
	Security ID:		S-1-0-0
	Account Name:		-
	Account Domain:		-
	Logon ID:		0x0

Process Information:
	New Process ID:		0x1360
	New Process Name:	C:\Program Files\SplunkUniversalForwarder\bin\splunk-MonitorNoHandle.exe
	Token Elevation Type:	TokenElevationTypeDefault (1)
	Mandatory Label:		S-1-16-16384
	Creator Process ID:	0x1860
	Creator Process Name:	C:\Program Files\SplunkUniversalForwarder\bin\splunkd.exe
	Process Command Line:	""C:\Program Files\SplunkUniversalForwarder\bin\splunk-MonitorNoHandle.exe""

Token Elevation Type indicates the type of token that was assigned to the new process in accordance with User Account Control policy.

Type 1 is a full token with no privileges removed or groups disabled.  A full token is only used if User Account Control is disabled or if the user is the built-in Administrator account or a service account.

Type 2 is an elevated token with no privileges removed or groups disabled.  An elevated token is used when User Account Control is enabled and the user chooses to start the program using Run as administrator.  An elevated token is also used when an application is configured to always require administrative privilege or to always require maximum privilege, and the user is a member of the Administrators group.

Type 3 is a limited token with administrative privileges removed and administrative groups disabled.  The limited token is used when User Account Control is enabled, the application does not require administrative privilege, and the user does not choose to start the program using Run as administrator.","2026-02-03T17:51:36.314+00:00",,VICTIM,main,41,"//_::._=====___.===_=__==_____.\r\r_:\rt_:tt---\rt_:tt","WinEventLog:Security","WinEventLog:Security",ubuntusplunk,
"WORKGROUP
-","VICTIM$
-",,VICTIM,0x1860,"C:\Program Files\SplunkUniversalForwarder\bin\splunkd.exe",,4688,0,,,"Audit Success",,Security,,"0x3E7
0x0",,,"S-1-16-16384","A new process has been created.

Creator Subject:
	Security ID:		S-1-5-18
	Account Name:		VICTIM$
	Account Domain:		WORKGROUP
	Logon ID:		0x3E7

Target Subject:
	Security ID:		S-1-0-0
	Account Name:		-
	Account Domain:		-
	Logon ID:		0x0

Process Information:
	New Process ID:		0x2928
	New Process Name:	C:\Program Files\SplunkUniversalForwarder\bin\splunk-admon.exe
	Token Elevation Type:	TokenElevationTypeDefault (1)
	Mandatory Label:		S-1-16-16384
	Creator Process ID:	0x1860
	Creator Process Name:	C:\Program Files\SplunkUniversalForwarder\bin\splunkd.exe
	Process Command Line:	""C:\Program Files\SplunkUniversalForwarder\bin\splunk-admon.exe""

Token Elevation Type indicates the type of token that was assigned to the new process in accordance with User Account Control policy.

Type 1 is a full token with no privileges removed or groups disabled.  A full token is only used if User Account Control is disabled or if the user is the built-in Administrator account or a service account.

Type 2 is an elevated token with no privileges removed or groups disabled.  An elevated token is used when User Account Control is enabled and the user chooses to start the program using Run as administrator.  An elevated token is also used when an application is configured to always require administrative privilege or to always require maximum privilege, and the user is a member of the Administrators group.

Type 3 is a limited token with administrative privileges removed and administrative groups disabled.  The limited token is used when User Account Control is enabled, the application does not require administrative privilege, and the user does not choose to start the program using Run as administrator.",,,0x2928,"C:\Program Files\SplunkUniversalForwarder\bin\splunk-admon.exe",Info,,,"""C:\Program Files\SplunkUniversalForwarder\bin\splunk-admon.exe""",,,88620,,,"S-1-5-18
S-1-0-0",,,"Microsoft Windows security auditing.",,,"Audit Policy Change","TokenElevationTypeDefault (1)",,Information,,,"02/03/2026 05:51:35.550 PM
LogName=Security
EventCode=4688
EventType=0
ComputerName=VICTIM
SourceName=Microsoft Windows security auditing.
Type=Information
RecordNumber=88620
Keywords=Audit Success
TaskCategory=Audit Policy Change
OpCode=Info
Message=A new process has been created.

Creator Subject:
	Security ID:		S-1-5-18
	Account Name:		VICTIM$
	Account Domain:		WORKGROUP
	Logon ID:		0x3E7

Target Subject:
	Security ID:		S-1-0-0
	Account Name:		-
	Account Domain:		-
	Logon ID:		0x0

Process Information:
	New Process ID:		0x2928
	New Process Name:	C:\Program Files\SplunkUniversalForwarder\bin\splunk-admon.exe
	Token Elevation Type:	TokenElevationTypeDefault (1)
	Mandatory Label:		S-1-16-16384
	Creator Process ID:	0x1860
	Creator Process Name:	C:\Program Files\SplunkUniversalForwarder\bin\splunkd.exe
	Process Command Line:	""C:\Program Files\SplunkUniversalForwarder\bin\splunk-admon.exe""

Token Elevation Type indicates the type of token that was assigned to the new process in accordance with User Account Control policy.

Type 1 is a full token with no privileges removed or groups disabled.  A full token is only used if User Account Control is disabled or if the user is the built-in Administrator account or a service account.

Type 2 is an elevated token with no privileges removed or groups disabled.  An elevated token is used when User Account Control is enabled and the user chooses to start the program using Run as administrator.  An elevated token is also used when an application is configured to always require administrative privilege or to always require maximum privilege, and the user is a member of the Administrators group.

Type 3 is a limited token with administrative privileges removed and administrative groups disabled.  The limited token is used when User Account Control is enabled, the application does not require administrative privilege, and the user does not choose to start the program using Run as administrator.","2026-02-03T17:51:35.550+00:00",,VICTIM,main,41,"//_::._=====___.===_=__==_____.\r\r_:\rt_:tt---\rt_:tt","WinEventLog:Security","WinEventLog:Security",ubuntusplunk,
"WORKGROUP
-","VICTIM$
-",,VICTIM,0x1860,"C:\Program Files\SplunkUniversalForwarder\bin\splunkd.exe",,4688,0,,,"Audit Success",,Security,,"0x3E7
0x0",,,"S-1-16-16384","A new process has been created.

Creator Subject:
	Security ID:		S-1-5-18
	Account Name:		VICTIM$
	Account Domain:		WORKGROUP
	Logon ID:		0x3E7

Target Subject:
	Security ID:		S-1-0-0
	Account Name:		-
	Account Domain:		-
	Logon ID:		0x0

Process Information:
	New Process ID:		0x1290
	New Process Name:	C:\Program Files\SplunkUniversalForwarder\bin\splunk-powershell.exe
	Token Elevation Type:	TokenElevationTypeDefault (1)
	Mandatory Label:		S-1-16-16384
	Creator Process ID:	0x1860
	Creator Process Name:	C:\Program Files\SplunkUniversalForwarder\bin\splunkd.exe
	Process Command Line:	""C:\Program Files\SplunkUniversalForwarder\bin\splunk-powershell.exe""

Token Elevation Type indicates the type of token that was assigned to the new process in accordance with User Account Control policy.

Type 1 is a full token with no privileges removed or groups disabled.  A full token is only used if User Account Control is disabled or if the user is the built-in Administrator account or a service account.

Type 2 is an elevated token with no privileges removed or groups disabled.  An elevated token is used when User Account Control is enabled and the user chooses to start the program using Run as administrator.  An elevated token is also used when an application is configured to always require administrative privilege or to always require maximum privilege, and the user is a member of the Administrators group.

Type 3 is a limited token with administrative privileges removed and administrative groups disabled.  The limited token is used when User Account Control is enabled, the application does not require administrative privilege, and the user does not choose to start the program using Run as administrator.",,,0x1290,"C:\Program Files\SplunkUniversalForwarder\bin\splunk-powershell.exe",Info,,,"""C:\Program Files\SplunkUniversalForwarder\bin\splunk-powershell.exe""",,,88619,,,"S-1-5-18
S-1-0-0",,,"Microsoft Windows security auditing.",,,"Audit Policy Change","TokenElevationTypeDefault (1)",,Information,,,"02/03/2026 05:51:34.785 PM
LogName=Security
EventCode=4688
EventType=0
ComputerName=VICTIM
SourceName=Microsoft Windows security auditing.
Type=Information
RecordNumber=88619
Keywords=Audit Success
TaskCategory=Audit Policy Change
OpCode=Info
Message=A new process has been created.

Creator Subject:
	Security ID:		S-1-5-18
	Account Name:		VICTIM$
	Account Domain:		WORKGROUP
	Logon ID:		0x3E7

Target Subject:
	Security ID:		S-1-0-0
	Account Name:		-
	Account Domain:		-
	Logon ID:		0x0

Process Information:
	New Process ID:		0x1290
	New Process Name:	C:\Program Files\SplunkUniversalForwarder\bin\splunk-powershell.exe
	Token Elevation Type:	TokenElevationTypeDefault (1)
	Mandatory Label:		S-1-16-16384
	Creator Process ID:	0x1860
	Creator Process Name:	C:\Program Files\SplunkUniversalForwarder\bin\splunkd.exe
	Process Command Line:	""C:\Program Files\SplunkUniversalForwarder\bin\splunk-powershell.exe""

Token Elevation Type indicates the type of token that was assigned to the new process in accordance with User Account Control policy.

Type 1 is a full token with no privileges removed or groups disabled.  A full token is only used if User Account Control is disabled or if the user is the built-in Administrator account or a service account.

Type 2 is an elevated token with no privileges removed or groups disabled.  An elevated token is used when User Account Control is enabled and the user chooses to start the program using Run as administrator.  An elevated token is also used when an application is configured to always require administrative privilege or to always require maximum privilege, and the user is a member of the Administrators group.

Type 3 is a limited token with administrative privileges removed and administrative groups disabled.  The limited token is used when User Account Control is enabled, the application does not require administrative privilege, and the user does not choose to start the program using Run as administrator.","2026-02-03T17:51:34.785+00:00",,VICTIM,main,41,"//_::._=====___.===_=__==_____.\r\r_:\rt_:tt---\rt_:tt","WinEventLog:Security","WinEventLog:Security",ubuntusplunk,
"WORKGROUP
-","VICTIM$
-",,VICTIM,0x1860,"C:\Program Files\SplunkUniversalForwarder\bin\splunkd.exe",,4688,0,,,"Audit Success",,Security,,"0x3E7
0x0",,,"S-1-16-16384","A new process has been created.

Creator Subject:
	Security ID:		S-1-5-18
	Account Name:		VICTIM$
	Account Domain:		WORKGROUP
	Logon ID:		0x3E7

Target Subject:
	Security ID:		S-1-0-0
	Account Name:		-
	Account Domain:		-
	Logon ID:		0x0

Process Information:
	New Process ID:		0x2abc
	New Process Name:	C:\Program Files\SplunkUniversalForwarder\bin\splunk-regmon.exe
	Token Elevation Type:	TokenElevationTypeDefault (1)
	Mandatory Label:		S-1-16-16384
	Creator Process ID:	0x1860
	Creator Process Name:	C:\Program Files\SplunkUniversalForwarder\bin\splunkd.exe
	Process Command Line:	""C:\Program Files\SplunkUniversalForwarder\bin\splunk-regmon.exe""

Token Elevation Type indicates the type of token that was assigned to the new process in accordance with User Account Control policy.

Type 1 is a full token with no privileges removed or groups disabled.  A full token is only used if User Account Control is disabled or if the user is the built-in Administrator account or a service account.

Type 2 is an elevated token with no privileges removed or groups disabled.  An elevated token is used when User Account Control is enabled and the user chooses to start the program using Run as administrator.  An elevated token is also used when an application is configured to always require administrative privilege or to always require maximum privilege, and the user is a member of the Administrators group.

Type 3 is a limited token with administrative privileges removed and administrative groups disabled.  The limited token is used when User Account Control is enabled, the application does not require administrative privilege, and the user does not choose to start the program using Run as administrator.",,,0x2abc,"C:\Program Files\SplunkUniversalForwarder\bin\splunk-regmon.exe",Info,,,"""C:\Program Files\SplunkUniversalForwarder\bin\splunk-regmon.exe""",,,88618,,,"S-1-5-18
S-1-0-0",,,"Microsoft Windows security auditing.",,,"Audit Policy Change","TokenElevationTypeDefault (1)",,Information,,,"02/03/2026 05:50:38.539 PM
LogName=Security
EventCode=4688
EventType=0
ComputerName=VICTIM
SourceName=Microsoft Windows security auditing.
Type=Information
RecordNumber=88618
Keywords=Audit Success
TaskCategory=Audit Policy Change
OpCode=Info
Message=A new process has been created.

Creator Subject:
	Security ID:		S-1-5-18
	Account Name:		VICTIM$
	Account Domain:		WORKGROUP
	Logon ID:		0x3E7

Target Subject:
	Security ID:		S-1-0-0
	Account Name:		-
	Account Domain:		-
	Logon ID:		0x0

Process Information:
	New Process ID:		0x2abc
	New Process Name:	C:\Program Files\SplunkUniversalForwarder\bin\splunk-regmon.exe
	Token Elevation Type:	TokenElevationTypeDefault (1)
	Mandatory Label:		S-1-16-16384
	Creator Process ID:	0x1860
	Creator Process Name:	C:\Program Files\SplunkUniversalForwarder\bin\splunkd.exe
	Process Command Line:	""C:\Program Files\SplunkUniversalForwarder\bin\splunk-regmon.exe""

Token Elevation Type indicates the type of token that was assigned to the new process in accordance with User Account Control policy.

Type 1 is a full token with no privileges removed or groups disabled.  A full token is only used if User Account Control is disabled or if the user is the built-in Administrator account or a service account.

Type 2 is an elevated token with no privileges removed or groups disabled.  An elevated token is used when User Account Control is enabled and the user chooses to start the program using Run as administrator.  An elevated token is also used when an application is configured to always require administrative privilege or to always require maximum privilege, and the user is a member of the Administrators group.

Type 3 is a limited token with administrative privileges removed and administrative groups disabled.  The limited token is used when User Account Control is enabled, the application does not require administrative privilege, and the user does not choose to start the program using Run as administrator.","2026-02-03T17:50:38.539+00:00",,VICTIM,main,41,"//_::._=====___.===_=__==_____.\r\r_:\rt_:tt---\rt_:tt","WinEventLog:Security","WinEventLog:Security",ubuntusplunk,
"WORKGROUP
-","VICTIM$
-",,VICTIM,0x1860,"C:\Program Files\SplunkUniversalForwarder\bin\splunkd.exe",,4688,0,,,"Audit Success",,Security,,"0x3E7
0x0",,,"S-1-16-16384","A new process has been created.

Creator Subject:
	Security ID:		S-1-5-18
	Account Name:		VICTIM$
	Account Domain:		WORKGROUP
	Logon ID:		0x3E7

Target Subject:
	Security ID:		S-1-0-0
	Account Name:		-
	Account Domain:		-
	Logon ID:		0x0

Process Information:
	New Process ID:		0x1e30
	New Process Name:	C:\Program Files\SplunkUniversalForwarder\bin\splunk-powershell.exe
	Token Elevation Type:	TokenElevationTypeDefault (1)
	Mandatory Label:		S-1-16-16384
	Creator Process ID:	0x1860
	Creator Process Name:	C:\Program Files\SplunkUniversalForwarder\bin\splunkd.exe
	Process Command Line:	""C:\Program Files\SplunkUniversalForwarder\bin\splunk-powershell.exe"" --ps2

Token Elevation Type indicates the type of token that was assigned to the new process in accordance with User Account Control policy.

Type 1 is a full token with no privileges removed or groups disabled.  A full token is only used if User Account Control is disabled or if the user is the built-in Administrator account or a service account.

Type 2 is an elevated token with no privileges removed or groups disabled.  An elevated token is used when User Account Control is enabled and the user chooses to start the program using Run as administrator.  An elevated token is also used when an application is configured to always require administrative privilege or to always require maximum privilege, and the user is a member of the Administrators group.

Type 3 is a limited token with administrative privileges removed and administrative groups disabled.  The limited token is used when User Account Control is enabled, the application does not require administrative privilege, and the user does not choose to start the program using Run as administrator.",,,0x1e30,"C:\Program Files\SplunkUniversalForwarder\bin\splunk-powershell.exe",Info,,,"""C:\Program Files\SplunkUniversalForwarder\bin\splunk-powershell.exe"" --ps2",,,88617,,,"S-1-5-18
S-1-0-0",,,"Microsoft Windows security auditing.",,,"Audit Policy Change","TokenElevationTypeDefault (1)",,Information,,,"02/03/2026 05:50:37.773 PM
LogName=Security
EventCode=4688
EventType=0
ComputerName=VICTIM
SourceName=Microsoft Windows security auditing.
Type=Information
RecordNumber=88617
Keywords=Audit Success
TaskCategory=Audit Policy Change
OpCode=Info
Message=A new process has been created.

Creator Subject:
	Security ID:		S-1-5-18
	Account Name:		VICTIM$
	Account Domain:		WORKGROUP
	Logon ID:		0x3E7

Target Subject:
	Security ID:		S-1-0-0
	Account Name:		-
	Account Domain:		-
	Logon ID:		0x0

Process Information:
	New Process ID:		0x1e30
	New Process Name:	C:\Program Files\SplunkUniversalForwarder\bin\splunk-powershell.exe
	Token Elevation Type:	TokenElevationTypeDefault (1)
	Mandatory Label:		S-1-16-16384
	Creator Process ID:	0x1860
	Creator Process Name:	C:\Program Files\SplunkUniversalForwarder\bin\splunkd.exe
	Process Command Line:	""C:\Program Files\SplunkUniversalForwarder\bin\splunk-powershell.exe"" --ps2

Token Elevation Type indicates the type of token that was assigned to the new process in accordance with User Account Control policy.

Type 1 is a full token with no privileges removed or groups disabled.  A full token is only used if User Account Control is disabled or if the user is the built-in Administrator account or a service account.

Type 2 is an elevated token with no privileges removed or groups disabled.  An elevated token is used when User Account Control is enabled and the user chooses to start the program using Run as administrator.  An elevated token is also used when an application is configured to always require administrative privilege or to always require maximum privilege, and the user is a member of the Administrators group.

Type 3 is a limited token with administrative privileges removed and administrative groups disabled.  The limited token is used when User Account Control is enabled, the application does not require administrative privilege, and the user does not choose to start the program using Run as administrator.","2026-02-03T17:50:37.773+00:00",,VICTIM,main,41,"//_::._=====___.===_=__==_____.\r\r_:\rt_:tt---\rt_:tt","WinEventLog:Security","WinEventLog:Security",ubuntusplunk,
"WORKGROUP
-","VICTIM$
-",,VICTIM,0x1860,"C:\Program Files\SplunkUniversalForwarder\bin\splunkd.exe",,4688,0,,,"Audit Success",,Security,,"0x3E7
0x0",,,"S-1-16-16384","A new process has been created.

Creator Subject:
	Security ID:		S-1-5-18
	Account Name:		VICTIM$
	Account Domain:		WORKGROUP
	Logon ID:		0x3E7

Target Subject:
	Security ID:		S-1-0-0
	Account Name:		-
	Account Domain:		-
	Logon ID:		0x0

Process Information:
	New Process ID:		0x2fe0
	New Process Name:	C:\Program Files\SplunkUniversalForwarder\bin\splunk-MonitorNoHandle.exe
	Token Elevation Type:	TokenElevationTypeDefault (1)
	Mandatory Label:		S-1-16-16384
	Creator Process ID:	0x1860
	Creator Process Name:	C:\Program Files\SplunkUniversalForwarder\bin\splunkd.exe
	Process Command Line:	""C:\Program Files\SplunkUniversalForwarder\bin\splunk-MonitorNoHandle.exe""

Token Elevation Type indicates the type of token that was assigned to the new process in accordance with User Account Control policy.

Type 1 is a full token with no privileges removed or groups disabled.  A full token is only used if User Account Control is disabled or if the user is the built-in Administrator account or a service account.

Type 2 is an elevated token with no privileges removed or groups disabled.  An elevated token is used when User Account Control is enabled and the user chooses to start the program using Run as administrator.  An elevated token is also used when an application is configured to always require administrative privilege or to always require maximum privilege, and the user is a member of the Administrators group.

Type 3 is a limited token with administrative privileges removed and administrative groups disabled.  The limited token is used when User Account Control is enabled, the application does not require administrative privilege, and the user does not choose to start the program using Run as administrator.",,,0x2fe0,"C:\Program Files\SplunkUniversalForwarder\bin\splunk-MonitorNoHandle.exe",Info,,,"""C:\Program Files\SplunkUniversalForwarder\bin\splunk-MonitorNoHandle.exe""",,,88616,,,"S-1-5-18
S-1-0-0",,,"Microsoft Windows security auditing.",,,"Audit Policy Change","TokenElevationTypeDefault (1)",,Information,,,"02/03/2026 05:50:37.022 PM
LogName=Security
EventCode=4688
EventType=0
ComputerName=VICTIM
SourceName=Microsoft Windows security auditing.
Type=Information
RecordNumber=88616
Keywords=Audit Success
TaskCategory=Audit Policy Change
OpCode=Info
Message=A new process has been created.

Creator Subject:
	Security ID:		S-1-5-18
	Account Name:		VICTIM$
	Account Domain:		WORKGROUP
	Logon ID:		0x3E7

Target Subject:
	Security ID:		S-1-0-0
	Account Name:		-
