	Account Domain:		-
	Logon ID:		0x0

Process Information:
	New Process ID:		0x2fe0
	New Process Name:	C:\Program Files\SplunkUniversalForwarder\bin\splunk-MonitorNoHandle.exe
	Token Elevation Type:	TokenElevationTypeDefault (1)
	Mandatory Label:		S-1-16-16384
	Creator Process ID:	0x1860
	Creator Process Name:	C:\Program Files\SplunkUniversalForwarder\bin\splunkd.exe
	Process Command Line:	""C:\Program Files\SplunkUniversalForwarder\bin\splunk-MonitorNoHandle.exe""

Token Elevation Type indicates the type of token that was assigned to the new process in accordance with User Account Control policy.

Type 1 is a full token with no privileges removed or groups disabled.  A full token is only used if User Account Control is disabled or if the user is the built-in Administrator account or a service account.

Type 2 is an elevated token with no privileges removed or groups disabled.  An elevated token is used when User Account Control is enabled and the user chooses to start the program using Run as administrator.  An elevated token is also used when an application is configured to always require administrative privilege or to always require maximum privilege, and the user is a member of the Administrators group.

Type 3 is a limited token with administrative privileges removed and administrative groups disabled.  The limited token is used when User Account Control is enabled, the application does not require administrative privilege, and the user does not choose to start the program using Run as administrator.","2026-02-03T17:50:37.022+00:00",,VICTIM,main,41,"//_::._=====___.===_=__==_____.\r\r_:\rt_:tt---\rt_:tt","WinEventLog:Security","WinEventLog:Security",ubuntusplunk,
"WORKGROUP
-","VICTIM$
-",,VICTIM,0x1860,"C:\Program Files\SplunkUniversalForwarder\bin\splunkd.exe",,4688,0,,,"Audit Success",,Security,,"0x3E7
0x0",,,"S-1-16-16384","A new process has been created.

Creator Subject:
	Security ID:		S-1-5-18
	Account Name:		VICTIM$
	Account Domain:		WORKGROUP
	Logon ID:		0x3E7

Target Subject:
	Security ID:		S-1-0-0
	Account Name:		-
	Account Domain:		-
	Logon ID:		0x0

Process Information:
	New Process ID:		0x3774
	New Process Name:	C:\Program Files\SplunkUniversalForwarder\bin\splunk-powershell.exe
	Token Elevation Type:	TokenElevationTypeDefault (1)
	Mandatory Label:		S-1-16-16384
	Creator Process ID:	0x1860
	Creator Process Name:	C:\Program Files\SplunkUniversalForwarder\bin\splunkd.exe
	Process Command Line:	""C:\Program Files\SplunkUniversalForwarder\bin\splunk-powershell.exe""

Token Elevation Type indicates the type of token that was assigned to the new process in accordance with User Account Control policy.

Type 1 is a full token with no privileges removed or groups disabled.  A full token is only used if User Account Control is disabled or if the user is the built-in Administrator account or a service account.

Type 2 is an elevated token with no privileges removed or groups disabled.  An elevated token is used when User Account Control is enabled and the user chooses to start the program using Run as administrator.  An elevated token is also used when an application is configured to always require administrative privilege or to always require maximum privilege, and the user is a member of the Administrators group.

Type 3 is a limited token with administrative privileges removed and administrative groups disabled.  The limited token is used when User Account Control is enabled, the application does not require administrative privilege, and the user does not choose to start the program using Run as administrator.",,,0x3774,"C:\Program Files\SplunkUniversalForwarder\bin\splunk-powershell.exe",Info,,,"""C:\Program Files\SplunkUniversalForwarder\bin\splunk-powershell.exe""",,,88615,,,"S-1-5-18
S-1-0-0",,,"Microsoft Windows security auditing.",,,"Audit Policy Change","TokenElevationTypeDefault (1)",,Information,,,"02/03/2026 05:50:36.269 PM
LogName=Security
EventCode=4688
EventType=0
ComputerName=VICTIM
SourceName=Microsoft Windows security auditing.
Type=Information
RecordNumber=88615
Keywords=Audit Success
TaskCategory=Audit Policy Change
OpCode=Info
Message=A new process has been created.

Creator Subject:
	Security ID:		S-1-5-18
	Account Name:		VICTIM$
	Account Domain:		WORKGROUP
	Logon ID:		0x3E7

Target Subject:
	Security ID:		S-1-0-0
	Account Name:		-
	Account Domain:		-
	Logon ID:		0x0

Process Information:
	New Process ID:		0x3774
	New Process Name:	C:\Program Files\SplunkUniversalForwarder\bin\splunk-powershell.exe
	Token Elevation Type:	TokenElevationTypeDefault (1)
	Mandatory Label:		S-1-16-16384
	Creator Process ID:	0x1860
	Creator Process Name:	C:\Program Files\SplunkUniversalForwarder\bin\splunkd.exe
	Process Command Line:	""C:\Program Files\SplunkUniversalForwarder\bin\splunk-powershell.exe""

Token Elevation Type indicates the type of token that was assigned to the new process in accordance with User Account Control policy.

Type 1 is a full token with no privileges removed or groups disabled.  A full token is only used if User Account Control is disabled or if the user is the built-in Administrator account or a service account.

Type 2 is an elevated token with no privileges removed or groups disabled.  An elevated token is used when User Account Control is enabled and the user chooses to start the program using Run as administrator.  An elevated token is also used when an application is configured to always require administrative privilege or to always require maximum privilege, and the user is a member of the Administrators group.

Type 3 is a limited token with administrative privileges removed and administrative groups disabled.  The limited token is used when User Account Control is enabled, the application does not require administrative privilege, and the user does not choose to start the program using Run as administrator.","2026-02-03T17:50:36.269+00:00",,VICTIM,main,41,"//_::._=====___.===_=__==_____.\r\r_:\rt_:tt---\rt_:tt","WinEventLog:Security","WinEventLog:Security",ubuntusplunk,
"WORKGROUP
-","VICTIM$
-",,VICTIM,0x1860,"C:\Program Files\SplunkUniversalForwarder\bin\splunkd.exe",,4688,0,,,"Audit Success",,Security,,"0x3E7
0x0",,,"S-1-16-16384","A new process has been created.

Creator Subject:
	Security ID:		S-1-5-18
	Account Name:		VICTIM$
	Account Domain:		WORKGROUP
	Logon ID:		0x3E7

Target Subject:
	Security ID:		S-1-0-0
	Account Name:		-
	Account Domain:		-
	Logon ID:		0x0

Process Information:
	New Process ID:		0x24ac
	New Process Name:	C:\Program Files\SplunkUniversalForwarder\bin\splunk-admon.exe
	Token Elevation Type:	TokenElevationTypeDefault (1)
	Mandatory Label:		S-1-16-16384
	Creator Process ID:	0x1860
	Creator Process Name:	C:\Program Files\SplunkUniversalForwarder\bin\splunkd.exe
	Process Command Line:	""C:\Program Files\SplunkUniversalForwarder\bin\splunk-admon.exe""

Token Elevation Type indicates the type of token that was assigned to the new process in accordance with User Account Control policy.

Type 1 is a full token with no privileges removed or groups disabled.  A full token is only used if User Account Control is disabled or if the user is the built-in Administrator account or a service account.

Type 2 is an elevated token with no privileges removed or groups disabled.  An elevated token is used when User Account Control is enabled and the user chooses to start the program using Run as administrator.  An elevated token is also used when an application is configured to always require administrative privilege or to always require maximum privilege, and the user is a member of the Administrators group.

Type 3 is a limited token with administrative privileges removed and administrative groups disabled.  The limited token is used when User Account Control is enabled, the application does not require administrative privilege, and the user does not choose to start the program using Run as administrator.",,,0x24ac,"C:\Program Files\SplunkUniversalForwarder\bin\splunk-admon.exe",Info,,,"""C:\Program Files\SplunkUniversalForwarder\bin\splunk-admon.exe""",,,88614,,,"S-1-5-18
S-1-0-0",,,"Microsoft Windows security auditing.",,,"Audit Policy Change","TokenElevationTypeDefault (1)",,Information,,,"02/03/2026 05:50:35.553 PM
LogName=Security
EventCode=4688
EventType=0
ComputerName=VICTIM
SourceName=Microsoft Windows security auditing.
Type=Information
RecordNumber=88614
Keywords=Audit Success
TaskCategory=Audit Policy Change
OpCode=Info
Message=A new process has been created.

Creator Subject:
	Security ID:		S-1-5-18
	Account Name:		VICTIM$
	Account Domain:		WORKGROUP
	Logon ID:		0x3E7

Target Subject:
	Security ID:		S-1-0-0
	Account Name:		-
	Account Domain:		-
	Logon ID:		0x0

Process Information:
	New Process ID:		0x24ac
	New Process Name:	C:\Program Files\SplunkUniversalForwarder\bin\splunk-admon.exe
	Token Elevation Type:	TokenElevationTypeDefault (1)
	Mandatory Label:		S-1-16-16384
	Creator Process ID:	0x1860
	Creator Process Name:	C:\Program Files\SplunkUniversalForwarder\bin\splunkd.exe
	Process Command Line:	""C:\Program Files\SplunkUniversalForwarder\bin\splunk-admon.exe""

Token Elevation Type indicates the type of token that was assigned to the new process in accordance with User Account Control policy.

Type 1 is a full token with no privileges removed or groups disabled.  A full token is only used if User Account Control is disabled or if the user is the built-in Administrator account or a service account.

Type 2 is an elevated token with no privileges removed or groups disabled.  An elevated token is used when User Account Control is enabled and the user chooses to start the program using Run as administrator.  An elevated token is also used when an application is configured to always require administrative privilege or to always require maximum privilege, and the user is a member of the Administrators group.

Type 3 is a limited token with administrative privileges removed and administrative groups disabled.  The limited token is used when User Account Control is enabled, the application does not require administrative privilege, and the user does not choose to start the program using Run as administrator.","2026-02-03T17:50:35.553+00:00",,VICTIM,main,41,"//_::._=====___.===_=__==_____.\r\r_:\rt_:tt---\rt_:tt","WinEventLog:Security","WinEventLog:Security",ubuntusplunk,
"WORKGROUP
-","VICTIM$
-",,VICTIM,0x1860,"C:\Program Files\SplunkUniversalForwarder\bin\splunkd.exe",,4688,0,,,"Audit Success",,Security,,"0x3E7
0x0",,,"S-1-16-16384","A new process has been created.

Creator Subject:
	Security ID:		S-1-5-18
	Account Name:		VICTIM$
	Account Domain:		WORKGROUP
	Logon ID:		0x3E7

Target Subject:
	Security ID:		S-1-0-0
	Account Name:		-
	Account Domain:		-
	Logon ID:		0x0

Process Information:
	New Process ID:		0x3c5c
	New Process Name:	C:\Program Files\SplunkUniversalForwarder\bin\splunk-netmon.exe
	Token Elevation Type:	TokenElevationTypeDefault (1)
	Mandatory Label:		S-1-16-16384
	Creator Process ID:	0x1860
	Creator Process Name:	C:\Program Files\SplunkUniversalForwarder\bin\splunkd.exe
	Process Command Line:	""C:\Program Files\SplunkUniversalForwarder\bin\splunk-netmon.exe""

Token Elevation Type indicates the type of token that was assigned to the new process in accordance with User Account Control policy.

Type 1 is a full token with no privileges removed or groups disabled.  A full token is only used if User Account Control is disabled or if the user is the built-in Administrator account or a service account.

Type 2 is an elevated token with no privileges removed or groups disabled.  An elevated token is used when User Account Control is enabled and the user chooses to start the program using Run as administrator.  An elevated token is also used when an application is configured to always require administrative privilege or to always require maximum privilege, and the user is a member of the Administrators group.

Type 3 is a limited token with administrative privileges removed and administrative groups disabled.  The limited token is used when User Account Control is enabled, the application does not require administrative privilege, and the user does not choose to start the program using Run as administrator.",,,0x3c5c,"C:\Program Files\SplunkUniversalForwarder\bin\splunk-netmon.exe",Info,,,"""C:\Program Files\SplunkUniversalForwarder\bin\splunk-netmon.exe""",,,88613,,,"S-1-5-18
S-1-0-0",,,"Microsoft Windows security auditing.",,,"Audit Policy Change","TokenElevationTypeDefault (1)",,Information,,,"02/03/2026 05:50:34.785 PM
LogName=Security
EventCode=4688
EventType=0
ComputerName=VICTIM
SourceName=Microsoft Windows security auditing.
Type=Information
RecordNumber=88613
Keywords=Audit Success
TaskCategory=Audit Policy Change
OpCode=Info
Message=A new process has been created.

Creator Subject:
	Security ID:		S-1-5-18
	Account Name:		VICTIM$
	Account Domain:		WORKGROUP
	Logon ID:		0x3E7

Target Subject:
	Security ID:		S-1-0-0
	Account Name:		-
	Account Domain:		-
	Logon ID:		0x0

Process Information:
	New Process ID:		0x3c5c
	New Process Name:	C:\Program Files\SplunkUniversalForwarder\bin\splunk-netmon.exe
	Token Elevation Type:	TokenElevationTypeDefault (1)
	Mandatory Label:		S-1-16-16384
	Creator Process ID:	0x1860
	Creator Process Name:	C:\Program Files\SplunkUniversalForwarder\bin\splunkd.exe
	Process Command Line:	""C:\Program Files\SplunkUniversalForwarder\bin\splunk-netmon.exe""

Token Elevation Type indicates the type of token that was assigned to the new process in accordance with User Account Control policy.

Type 1 is a full token with no privileges removed or groups disabled.  A full token is only used if User Account Control is disabled or if the user is the built-in Administrator account or a service account.

Type 2 is an elevated token with no privileges removed or groups disabled.  An elevated token is used when User Account Control is enabled and the user chooses to start the program using Run as administrator.  An elevated token is also used when an application is configured to always require administrative privilege or to always require maximum privilege, and the user is a member of the Administrators group.

Type 3 is a limited token with administrative privileges removed and administrative groups disabled.  The limited token is used when User Account Control is enabled, the application does not require administrative privilege, and the user does not choose to start the program using Run as administrator.","2026-02-03T17:50:34.785+00:00",,VICTIM,main,41,"//_::._=====___.===_=__==_____.\r\r_:\rt_:tt---\rt_:tt","WinEventLog:Security","WinEventLog:Security",ubuntusplunk,
"WORKGROUP
-","VICTIM$
-",,VICTIM,0x1860,"C:\Program Files\SplunkUniversalForwarder\bin\splunkd.exe",,4688,0,,,"Audit Success",,Security,,"0x3E7
0x0",,,"S-1-16-16384","A new process has been created.

Creator Subject:
	Security ID:		S-1-5-18
	Account Name:		VICTIM$
	Account Domain:		WORKGROUP
	Logon ID:		0x3E7

Target Subject:
	Security ID:		S-1-0-0
	Account Name:		-
	Account Domain:		-
	Logon ID:		0x0

Process Information:
	New Process ID:		0x1bac
	New Process Name:	C:\Program Files\SplunkUniversalForwarder\bin\splunk-regmon.exe
	Token Elevation Type:	TokenElevationTypeDefault (1)
	Mandatory Label:		S-1-16-16384
	Creator Process ID:	0x1860
	Creator Process Name:	C:\Program Files\SplunkUniversalForwarder\bin\splunkd.exe
	Process Command Line:	""C:\Program Files\SplunkUniversalForwarder\bin\splunk-regmon.exe""

Token Elevation Type indicates the type of token that was assigned to the new process in accordance with User Account Control policy.

Type 1 is a full token with no privileges removed or groups disabled.  A full token is only used if User Account Control is disabled or if the user is the built-in Administrator account or a service account.

Type 2 is an elevated token with no privileges removed or groups disabled.  An elevated token is used when User Account Control is enabled and the user chooses to start the program using Run as administrator.  An elevated token is also used when an application is configured to always require administrative privilege or to always require maximum privilege, and the user is a member of the Administrators group.

Type 3 is a limited token with administrative privileges removed and administrative groups disabled.  The limited token is used when User Account Control is enabled, the application does not require administrative privilege, and the user does not choose to start the program using Run as administrator.",,,0x1bac,"C:\Program Files\SplunkUniversalForwarder\bin\splunk-regmon.exe",Info,,,"""C:\Program Files\SplunkUniversalForwarder\bin\splunk-regmon.exe""",,,88612,,,"S-1-5-18
S-1-0-0",,,"Microsoft Windows security auditing.",,,"Audit Policy Change","TokenElevationTypeDefault (1)",,Information,,,"02/03/2026 05:49:38.492 PM
LogName=Security
EventCode=4688
EventType=0
ComputerName=VICTIM
SourceName=Microsoft Windows security auditing.
Type=Information
RecordNumber=88612
Keywords=Audit Success
TaskCategory=Audit Policy Change
OpCode=Info
Message=A new process has been created.

Creator Subject:
	Security ID:		S-1-5-18
	Account Name:		VICTIM$
	Account Domain:		WORKGROUP
	Logon ID:		0x3E7

Target Subject:
	Security ID:		S-1-0-0
	Account Name:		-
	Account Domain:		-
	Logon ID:		0x0

Process Information:
	New Process ID:		0x1bac
	New Process Name:	C:\Program Files\SplunkUniversalForwarder\bin\splunk-regmon.exe
	Token Elevation Type:	TokenElevationTypeDefault (1)
	Mandatory Label:		S-1-16-16384
	Creator Process ID:	0x1860
	Creator Process Name:	C:\Program Files\SplunkUniversalForwarder\bin\splunkd.exe
	Process Command Line:	""C:\Program Files\SplunkUniversalForwarder\bin\splunk-regmon.exe""

Token Elevation Type indicates the type of token that was assigned to the new process in accordance with User Account Control policy.

Type 1 is a full token with no privileges removed or groups disabled.  A full token is only used if User Account Control is disabled or if the user is the built-in Administrator account or a service account.

Type 2 is an elevated token with no privileges removed or groups disabled.  An elevated token is used when User Account Control is enabled and the user chooses to start the program using Run as administrator.  An elevated token is also used when an application is configured to always require administrative privilege or to always require maximum privilege, and the user is a member of the Administrators group.

Type 3 is a limited token with administrative privileges removed and administrative groups disabled.  The limited token is used when User Account Control is enabled, the application does not require administrative privilege, and the user does not choose to start the program using Run as administrator.","2026-02-03T17:49:38.492+00:00",,VICTIM,main,41,"//_::._=====___.===_=__==_____.\r\r_:\rt_:tt---\rt_:tt","WinEventLog:Security","WinEventLog:Security",ubuntusplunk,
"WORKGROUP
-","VICTIM$
-",,VICTIM,0x1860,"C:\Program Files\SplunkUniversalForwarder\bin\splunkd.exe",,4688,0,,,"Audit Success",,Security,,"0x3E7
0x0",,,"S-1-16-16384","A new process has been created.

Creator Subject:
	Security ID:		S-1-5-18
	Account Name:		VICTIM$
	Account Domain:		WORKGROUP
	Logon ID:		0x3E7

Target Subject:
	Security ID:		S-1-0-0
	Account Name:		-
	Account Domain:		-
	Logon ID:		0x0

Process Information:
	New Process ID:		0xafc
	New Process Name:	C:\Program Files\SplunkUniversalForwarder\bin\splunk-powershell.exe
	Token Elevation Type:	TokenElevationTypeDefault (1)
	Mandatory Label:		S-1-16-16384
	Creator Process ID:	0x1860
	Creator Process Name:	C:\Program Files\SplunkUniversalForwarder\bin\splunkd.exe
	Process Command Line:	""C:\Program Files\SplunkUniversalForwarder\bin\splunk-powershell.exe"" --ps2

Token Elevation Type indicates the type of token that was assigned to the new process in accordance with User Account Control policy.

Type 1 is a full token with no privileges removed or groups disabled.  A full token is only used if User Account Control is disabled or if the user is the built-in Administrator account or a service account.

Type 2 is an elevated token with no privileges removed or groups disabled.  An elevated token is used when User Account Control is enabled and the user chooses to start the program using Run as administrator.  An elevated token is also used when an application is configured to always require administrative privilege or to always require maximum privilege, and the user is a member of the Administrators group.

Type 3 is a limited token with administrative privileges removed and administrative groups disabled.  The limited token is used when User Account Control is enabled, the application does not require administrative privilege, and the user does not choose to start the program using Run as administrator.",,,0xafc,"C:\Program Files\SplunkUniversalForwarder\bin\splunk-powershell.exe",Info,,,"""C:\Program Files\SplunkUniversalForwarder\bin\splunk-powershell.exe"" --ps2",,,88611,,,"S-1-5-18
S-1-0-0",,,"Microsoft Windows security auditing.",,,"Audit Policy Change","TokenElevationTypeDefault (1)",,Information,,,"02/03/2026 05:49:37.728 PM
LogName=Security
EventCode=4688
EventType=0
ComputerName=VICTIM
SourceName=Microsoft Windows security auditing.
Type=Information
RecordNumber=88611
Keywords=Audit Success
TaskCategory=Audit Policy Change
OpCode=Info
Message=A new process has been created.

Creator Subject:
	Security ID:		S-1-5-18
	Account Name:		VICTIM$
	Account Domain:		WORKGROUP
	Logon ID:		0x3E7

Target Subject:
	Security ID:		S-1-0-0
	Account Name:		-
	Account Domain:		-
	Logon ID:		0x0

Process Information:
	New Process ID:		0xafc
	New Process Name:	C:\Program Files\SplunkUniversalForwarder\bin\splunk-powershell.exe
	Token Elevation Type:	TokenElevationTypeDefault (1)
	Mandatory Label:		S-1-16-16384
	Creator Process ID:	0x1860
	Creator Process Name:	C:\Program Files\SplunkUniversalForwarder\bin\splunkd.exe
	Process Command Line:	""C:\Program Files\SplunkUniversalForwarder\bin\splunk-powershell.exe"" --ps2

Token Elevation Type indicates the type of token that was assigned to the new process in accordance with User Account Control policy.

Type 1 is a full token with no privileges removed or groups disabled.  A full token is only used if User Account Control is disabled or if the user is the built-in Administrator account or a service account.

Type 2 is an elevated token with no privileges removed or groups disabled.  An elevated token is used when User Account Control is enabled and the user chooses to start the program using Run as administrator.  An elevated token is also used when an application is configured to always require administrative privilege or to always require maximum privilege, and the user is a member of the Administrators group.

Type 3 is a limited token with administrative privileges removed and administrative groups disabled.  The limited token is used when User Account Control is enabled, the application does not require administrative privilege, and the user does not choose to start the program using Run as administrator.","2026-02-03T17:49:37.728+00:00",,VICTIM,main,41,"//_::._=====___.===_=__==_____.\r\r_:\rt_:tt---\rt_:tt","WinEventLog:Security","WinEventLog:Security",ubuntusplunk,
"WORKGROUP
-","VICTIM$
-",,VICTIM,0x1860,"C:\Program Files\SplunkUniversalForwarder\bin\splunkd.exe",,4688,0,,,"Audit Success",,Security,,"0x3E7
0x0",,,"S-1-16-16384","A new process has been created.

Creator Subject:
	Security ID:		S-1-5-18
	Account Name:		VICTIM$
	Account Domain:		WORKGROUP
	Logon ID:		0x3E7

Target Subject:
	Security ID:		S-1-0-0
	Account Name:		-
	Account Domain:		-
	Logon ID:		0x0

Process Information:
	New Process ID:		0x224c
	New Process Name:	C:\Program Files\SplunkUniversalForwarder\bin\splunk-powershell.exe
	Token Elevation Type:	TokenElevationTypeDefault (1)
	Mandatory Label:		S-1-16-16384
	Creator Process ID:	0x1860
	Creator Process Name:	C:\Program Files\SplunkUniversalForwarder\bin\splunkd.exe
	Process Command Line:	""C:\Program Files\SplunkUniversalForwarder\bin\splunk-powershell.exe""

Token Elevation Type indicates the type of token that was assigned to the new process in accordance with User Account Control policy.

Type 1 is a full token with no privileges removed or groups disabled.  A full token is only used if User Account Control is disabled or if the user is the built-in Administrator account or a service account.

Type 2 is an elevated token with no privileges removed or groups disabled.  An elevated token is used when User Account Control is enabled and the user chooses to start the program using Run as administrator.  An elevated token is also used when an application is configured to always require administrative privilege or to always require maximum privilege, and the user is a member of the Administrators group.

Type 3 is a limited token with administrative privileges removed and administrative groups disabled.  The limited token is used when User Account Control is enabled, the application does not require administrative privilege, and the user does not choose to start the program using Run as administrator.",,,0x224c,"C:\Program Files\SplunkUniversalForwarder\bin\splunk-powershell.exe",Info,,,"""C:\Program Files\SplunkUniversalForwarder\bin\splunk-powershell.exe""",,,88610,,,"S-1-5-18
S-1-0-0",,,"Microsoft Windows security auditing.",,,"Audit Policy Change","TokenElevationTypeDefault (1)",,Information,,,"02/03/2026 05:49:36.964 PM
LogName=Security
EventCode=4688
EventType=0
ComputerName=VICTIM
SourceName=Microsoft Windows security auditing.
Type=Information
RecordNumber=88610
Keywords=Audit Success
TaskCategory=Audit Policy Change
OpCode=Info
Message=A new process has been created.

Creator Subject:
	Security ID:		S-1-5-18
	Account Name:		VICTIM$
	Account Domain:		WORKGROUP
	Logon ID:		0x3E7

Target Subject:
	Security ID:		S-1-0-0
	Account Name:		-
	Account Domain:		-
	Logon ID:		0x0

Process Information:
	New Process ID:		0x224c
	New Process Name:	C:\Program Files\SplunkUniversalForwarder\bin\splunk-powershell.exe
	Token Elevation Type:	TokenElevationTypeDefault (1)
	Mandatory Label:		S-1-16-16384
	Creator Process ID:	0x1860
	Creator Process Name:	C:\Program Files\SplunkUniversalForwarder\bin\splunkd.exe
	Process Command Line:	""C:\Program Files\SplunkUniversalForwarder\bin\splunk-powershell.exe""

Token Elevation Type indicates the type of token that was assigned to the new process in accordance with User Account Control policy.

Type 1 is a full token with no privileges removed or groups disabled.  A full token is only used if User Account Control is disabled or if the user is the built-in Administrator account or a service account.

Type 2 is an elevated token with no privileges removed or groups disabled.  An elevated token is used when User Account Control is enabled and the user chooses to start the program using Run as administrator.  An elevated token is also used when an application is configured to always require administrative privilege or to always require maximum privilege, and the user is a member of the Administrators group.

Type 3 is a limited token with administrative privileges removed and administrative groups disabled.  The limited token is used when User Account Control is enabled, the application does not require administrative privilege, and the user does not choose to start the program using Run as administrator.","2026-02-03T17:49:36.964+00:00",,VICTIM,main,41,"//_::._=====___.===_=__==_____.\r\r_:\rt_:tt---\rt_:tt","WinEventLog:Security","WinEventLog:Security",ubuntusplunk,
"WORKGROUP
-","VICTIM$
-",,VICTIM,0x1860,"C:\Program Files\SplunkUniversalForwarder\bin\splunkd.exe",,4688,0,,,"Audit Success",,Security,,"0x3E7
0x0",,,"S-1-16-16384","A new process has been created.

Creator Subject:
	Security ID:		S-1-5-18
	Account Name:		VICTIM$
	Account Domain:		WORKGROUP
	Logon ID:		0x3E7

Target Subject:
	Security ID:		S-1-0-0
	Account Name:		-
	Account Domain:		-
	Logon ID:		0x0

Process Information:
	New Process ID:		0x3e0c
	New Process Name:	C:\Program Files\SplunkUniversalForwarder\bin\splunk-netmon.exe
	Token Elevation Type:	TokenElevationTypeDefault (1)
	Mandatory Label:		S-1-16-16384
	Creator Process ID:	0x1860
	Creator Process Name:	C:\Program Files\SplunkUniversalForwarder\bin\splunkd.exe
	Process Command Line:	""C:\Program Files\SplunkUniversalForwarder\bin\splunk-netmon.exe""

Token Elevation Type indicates the type of token that was assigned to the new process in accordance with User Account Control policy.

Type 1 is a full token with no privileges removed or groups disabled.  A full token is only used if User Account Control is disabled or if the user is the built-in Administrator account or a service account.

Type 2 is an elevated token with no privileges removed or groups disabled.  An elevated token is used when User Account Control is enabled and the user chooses to start the program using Run as administrator.  An elevated token is also used when an application is configured to always require administrative privilege or to always require maximum privilege, and the user is a member of the Administrators group.

Type 3 is a limited token with administrative privileges removed and administrative groups disabled.  The limited token is used when User Account Control is enabled, the application does not require administrative privilege, and the user does not choose to start the program using Run as administrator.",,,0x3e0c,"C:\Program Files\SplunkUniversalForwarder\bin\splunk-netmon.exe",Info,,,"""C:\Program Files\SplunkUniversalForwarder\bin\splunk-netmon.exe""",,,88609,,,"S-1-5-18
S-1-0-0",,,"Microsoft Windows security auditing.",,,"Audit Policy Change","TokenElevationTypeDefault (1)",,Information,,,"02/03/2026 05:49:36.198 PM
LogName=Security
EventCode=4688
EventType=0
ComputerName=VICTIM
SourceName=Microsoft Windows security auditing.
Type=Information
RecordNumber=88609
Keywords=Audit Success
TaskCategory=Audit Policy Change
OpCode=Info
Message=A new process has been created.

Creator Subject:
	Security ID:		S-1-5-18
	Account Name:		VICTIM$
	Account Domain:		WORKGROUP
	Logon ID:		0x3E7

Target Subject:
	Security ID:		S-1-0-0
	Account Name:		-
	Account Domain:		-
	Logon ID:		0x0

Process Information:
	New Process ID:		0x3e0c
	New Process Name:	C:\Program Files\SplunkUniversalForwarder\bin\splunk-netmon.exe
	Token Elevation Type:	TokenElevationTypeDefault (1)
	Mandatory Label:		S-1-16-16384
	Creator Process ID:	0x1860
	Creator Process Name:	C:\Program Files\SplunkUniversalForwarder\bin\splunkd.exe
	Process Command Line:	""C:\Program Files\SplunkUniversalForwarder\bin\splunk-netmon.exe""

Token Elevation Type indicates the type of token that was assigned to the new process in accordance with User Account Control policy.

Type 1 is a full token with no privileges removed or groups disabled.  A full token is only used if User Account Control is disabled or if the user is the built-in Administrator account or a service account.

Type 2 is an elevated token with no privileges removed or groups disabled.  An elevated token is used when User Account Control is enabled and the user chooses to start the program using Run as administrator.  An elevated token is also used when an application is configured to always require administrative privilege or to always require maximum privilege, and the user is a member of the Administrators group.

Type 3 is a limited token with administrative privileges removed and administrative groups disabled.  The limited token is used when User Account Control is enabled, the application does not require administrative privilege, and the user does not choose to start the program using Run as administrator.","2026-02-03T17:49:36.198+00:00",,VICTIM,main,41,"//_::._=====___.===_=__==_____.\r\r_:\rt_:tt---\rt_:tt","WinEventLog:Security","WinEventLog:Security",ubuntusplunk,
"WORKGROUP
-","VICTIM$
-",,VICTIM,0x1860,"C:\Program Files\SplunkUniversalForwarder\bin\splunkd.exe",,4688,0,,,"Audit Success",,Security,,"0x3E7
0x0",,,"S-1-16-16384","A new process has been created.

Creator Subject:
	Security ID:		S-1-5-18
	Account Name:		VICTIM$
	Account Domain:		WORKGROUP
	Logon ID:		0x3E7

Target Subject:
	Security ID:		S-1-0-0
	Account Name:		-
	Account Domain:		-
	Logon ID:		0x0

Process Information:
	New Process ID:		0x34ac
	New Process Name:	C:\Program Files\SplunkUniversalForwarder\bin\splunk-admon.exe
	Token Elevation Type:	TokenElevationTypeDefault (1)
	Mandatory Label:		S-1-16-16384
	Creator Process ID:	0x1860
	Creator Process Name:	C:\Program Files\SplunkUniversalForwarder\bin\splunkd.exe
	Process Command Line:	""C:\Program Files\SplunkUniversalForwarder\bin\splunk-admon.exe""

Token Elevation Type indicates the type of token that was assigned to the new process in accordance with User Account Control policy.

Type 1 is a full token with no privileges removed or groups disabled.  A full token is only used if User Account Control is disabled or if the user is the built-in Administrator account or a service account.

Type 2 is an elevated token with no privileges removed or groups disabled.  An elevated token is used when User Account Control is enabled and the user chooses to start the program using Run as administrator.  An elevated token is also used when an application is configured to always require administrative privilege or to always require maximum privilege, and the user is a member of the Administrators group.

Type 3 is a limited token with administrative privileges removed and administrative groups disabled.  The limited token is used when User Account Control is enabled, the application does not require administrative privilege, and the user does not choose to start the program using Run as administrator.",,,0x34ac,"C:\Program Files\SplunkUniversalForwarder\bin\splunk-admon.exe",Info,,,"""C:\Program Files\SplunkUniversalForwarder\bin\splunk-admon.exe""",,,88608,,,"S-1-5-18
S-1-0-0",,,"Microsoft Windows security auditing.",,,"Audit Policy Change","TokenElevationTypeDefault (1)",,Information,,,"02/03/2026 05:49:35.546 PM
LogName=Security
EventCode=4688
EventType=0
ComputerName=VICTIM
SourceName=Microsoft Windows security auditing.
Type=Information
RecordNumber=88608
Keywords=Audit Success
TaskCategory=Audit Policy Change
OpCode=Info
Message=A new process has been created.

Creator Subject:
	Security ID:		S-1-5-18
	Account Name:		VICTIM$
	Account Domain:		WORKGROUP
	Logon ID:		0x3E7

Target Subject:
	Security ID:		S-1-0-0
	Account Name:		-
	Account Domain:		-
	Logon ID:		0x0

Process Information:
	New Process ID:		0x34ac
	New Process Name:	C:\Program Files\SplunkUniversalForwarder\bin\splunk-admon.exe
	Token Elevation Type:	TokenElevationTypeDefault (1)
	Mandatory Label:		S-1-16-16384
	Creator Process ID:	0x1860
	Creator Process Name:	C:\Program Files\SplunkUniversalForwarder\bin\splunkd.exe
	Process Command Line:	""C:\Program Files\SplunkUniversalForwarder\bin\splunk-admon.exe""

Token Elevation Type indicates the type of token that was assigned to the new process in accordance with User Account Control policy.

Type 1 is a full token with no privileges removed or groups disabled.  A full token is only used if User Account Control is disabled or if the user is the built-in Administrator account or a service account.

Type 2 is an elevated token with no privileges removed or groups disabled.  An elevated token is used when User Account Control is enabled and the user chooses to start the program using Run as administrator.  An elevated token is also used when an application is configured to always require administrative privilege or to always require maximum privilege, and the user is a member of the Administrators group.

Type 3 is a limited token with administrative privileges removed and administrative groups disabled.  The limited token is used when User Account Control is enabled, the application does not require administrative privilege, and the user does not choose to start the program using Run as administrator.","2026-02-03T17:49:35.546+00:00",,VICTIM,main,41,"//_::._=====___.===_=__==_____.\r\r_:\rt_:tt---\rt_:tt","WinEventLog:Security","WinEventLog:Security",ubuntusplunk,
"WORKGROUP
-","VICTIM$
-",,VICTIM,0x1860,"C:\Program Files\SplunkUniversalForwarder\bin\splunkd.exe",,4688,0,,,"Audit Success",,Security,,"0x3E7
0x0",,,"S-1-16-16384","A new process has been created.

Creator Subject:
	Security ID:		S-1-5-18
	Account Name:		VICTIM$
	Account Domain:		WORKGROUP
	Logon ID:		0x3E7

Target Subject:
	Security ID:		S-1-0-0
	Account Name:		-
	Account Domain:		-
	Logon ID:		0x0

Process Information:
	New Process ID:		0x3ce8
	New Process Name:	C:\Program Files\SplunkUniversalForwarder\bin\splunk-MonitorNoHandle.exe
	Token Elevation Type:	TokenElevationTypeDefault (1)
	Mandatory Label:		S-1-16-16384
	Creator Process ID:	0x1860
	Creator Process Name:	C:\Program Files\SplunkUniversalForwarder\bin\splunkd.exe
	Process Command Line:	""C:\Program Files\SplunkUniversalForwarder\bin\splunk-MonitorNoHandle.exe""

Token Elevation Type indicates the type of token that was assigned to the new process in accordance with User Account Control policy.

Type 1 is a full token with no privileges removed or groups disabled.  A full token is only used if User Account Control is disabled or if the user is the built-in Administrator account or a service account.

Type 2 is an elevated token with no privileges removed or groups disabled.  An elevated token is used when User Account Control is enabled and the user chooses to start the program using Run as administrator.  An elevated token is also used when an application is configured to always require administrative privilege or to always require maximum privilege, and the user is a member of the Administrators group.

Type 3 is a limited token with administrative privileges removed and administrative groups disabled.  The limited token is used when User Account Control is enabled, the application does not require administrative privilege, and the user does not choose to start the program using Run as administrator.",,,0x3ce8,"C:\Program Files\SplunkUniversalForwarder\bin\splunk-MonitorNoHandle.exe",Info,,,"""C:\Program Files\SplunkUniversalForwarder\bin\splunk-MonitorNoHandle.exe""",,,88607,,,"S-1-5-18
S-1-0-0",,,"Microsoft Windows security auditing.",,,"Audit Policy Change","TokenElevationTypeDefault (1)",,Information,,,"02/03/2026 05:49:34.780 PM
LogName=Security
EventCode=4688
EventType=0
ComputerName=VICTIM
SourceName=Microsoft Windows security auditing.
Type=Information
RecordNumber=88607
Keywords=Audit Success
TaskCategory=Audit Policy Change
OpCode=Info
Message=A new process has been created.

Creator Subject:
	Security ID:		S-1-5-18
	Account Name:		VICTIM$
	Account Domain:		WORKGROUP
	Logon ID:		0x3E7

Target Subject:
	Security ID:		S-1-0-0
	Account Name:		-
	Account Domain:		-
	Logon ID:		0x0

Process Information:
	New Process ID:		0x3ce8
	New Process Name:	C:\Program Files\SplunkUniversalForwarder\bin\splunk-MonitorNoHandle.exe
	Token Elevation Type:	TokenElevationTypeDefault (1)
	Mandatory Label:		S-1-16-16384
	Creator Process ID:	0x1860
	Creator Process Name:	C:\Program Files\SplunkUniversalForwarder\bin\splunkd.exe
	Process Command Line:	""C:\Program Files\SplunkUniversalForwarder\bin\splunk-MonitorNoHandle.exe""

Token Elevation Type indicates the type of token that was assigned to the new process in accordance with User Account Control policy.

Type 1 is a full token with no privileges removed or groups disabled.  A full token is only used if User Account Control is disabled or if the user is the built-in Administrator account or a service account.

Type 2 is an elevated token with no privileges removed or groups disabled.  An elevated token is used when User Account Control is enabled and the user chooses to start the program using Run as administrator.  An elevated token is also used when an application is configured to always require administrative privilege or to always require maximum privilege, and the user is a member of the Administrators group.

Type 3 is a limited token with administrative privileges removed and administrative groups disabled.  The limited token is used when User Account Control is enabled, the application does not require administrative privilege, and the user does not choose to start the program using Run as administrator.","2026-02-03T17:49:34.780+00:00",,VICTIM,main,41,"//_::._=====___.===_=__==_____.\r\r_:\rt_:tt---\rt_:tt","WinEventLog:Security","WinEventLog:Security",ubuntusplunk,
"WORKGROUP
-","VICTIM$
-",,VICTIM,0x1860,"C:\Program Files\SplunkUniversalForwarder\bin\splunkd.exe",,4688,0,,,"Audit Success",,Security,,"0x3E7
0x0",,,"S-1-16-16384","A new process has been created.

Creator Subject:
	Security ID:		S-1-5-18
	Account Name:		VICTIM$
	Account Domain:		WORKGROUP
	Logon ID:		0x3E7

Target Subject:
	Security ID:		S-1-0-0
	Account Name:		-
	Account Domain:		-
	Logon ID:		0x0

Process Information:
	New Process ID:		0x2150
	New Process Name:	C:\Program Files\SplunkUniversalForwarder\bin\splunk-regmon.exe
	Token Elevation Type:	TokenElevationTypeDefault (1)
	Mandatory Label:		S-1-16-16384
	Creator Process ID:	0x1860
	Creator Process Name:	C:\Program Files\SplunkUniversalForwarder\bin\splunkd.exe
	Process Command Line:	""C:\Program Files\SplunkUniversalForwarder\bin\splunk-regmon.exe""

Token Elevation Type indicates the type of token that was assigned to the new process in accordance with User Account Control policy.

Type 1 is a full token with no privileges removed or groups disabled.  A full token is only used if User Account Control is disabled or if the user is the built-in Administrator account or a service account.

Type 2 is an elevated token with no privileges removed or groups disabled.  An elevated token is used when User Account Control is enabled and the user chooses to start the program using Run as administrator.  An elevated token is also used when an application is configured to always require administrative privilege or to always require maximum privilege, and the user is a member of the Administrators group.

Type 3 is a limited token with administrative privileges removed and administrative groups disabled.  The limited token is used when User Account Control is enabled, the application does not require administrative privilege, and the user does not choose to start the program using Run as administrator.",,,0x2150,"C:\Program Files\SplunkUniversalForwarder\bin\splunk-regmon.exe",Info,,,"""C:\Program Files\SplunkUniversalForwarder\bin\splunk-regmon.exe""",,,88606,,,"S-1-5-18
S-1-0-0",,,"Microsoft Windows security auditing.",,,"Audit Policy Change","TokenElevationTypeDefault (1)",,Information,,,"02/03/2026 05:48:38.584 PM
LogName=Security
EventCode=4688
EventType=0
ComputerName=VICTIM
SourceName=Microsoft Windows security auditing.
Type=Information
RecordNumber=88606
Keywords=Audit Success
TaskCategory=Audit Policy Change
OpCode=Info
Message=A new process has been created.

Creator Subject:
	Security ID:		S-1-5-18
	Account Name:		VICTIM$
	Account Domain:		WORKGROUP
	Logon ID:		0x3E7

Target Subject:
	Security ID:		S-1-0-0
	Account Name:		-
	Account Domain:		-
	Logon ID:		0x0

Process Information:
	New Process ID:		0x2150
	New Process Name:	C:\Program Files\SplunkUniversalForwarder\bin\splunk-regmon.exe
	Token Elevation Type:	TokenElevationTypeDefault (1)
	Mandatory Label:		S-1-16-16384
	Creator Process ID:	0x1860
	Creator Process Name:	C:\Program Files\SplunkUniversalForwarder\bin\splunkd.exe
	Process Command Line:	""C:\Program Files\SplunkUniversalForwarder\bin\splunk-regmon.exe""

Token Elevation Type indicates the type of token that was assigned to the new process in accordance with User Account Control policy.

Type 1 is a full token with no privileges removed or groups disabled.  A full token is only used if User Account Control is disabled or if the user is the built-in Administrator account or a service account.

Type 2 is an elevated token with no privileges removed or groups disabled.  An elevated token is used when User Account Control is enabled and the user chooses to start the program using Run as administrator.  An elevated token is also used when an application is configured to always require administrative privilege or to always require maximum privilege, and the user is a member of the Administrators group.

Type 3 is a limited token with administrative privileges removed and administrative groups disabled.  The limited token is used when User Account Control is enabled, the application does not require administrative privilege, and the user does not choose to start the program using Run as administrator.","2026-02-03T17:48:38.584+00:00",,VICTIM,main,41,"//_::._=====___.===_=__==_____.\r\r_:\rt_:tt---\rt_:tt","WinEventLog:Security","WinEventLog:Security",ubuntusplunk,
"WORKGROUP
-","VICTIM$
-",,VICTIM,0x1860,"C:\Program Files\SplunkUniversalForwarder\bin\splunkd.exe",,4688,0,,,"Audit Success",,Security,,"0x3E7
0x0",,,"S-1-16-16384","A new process has been created.

Creator Subject:
	Security ID:		S-1-5-18
	Account Name:		VICTIM$
	Account Domain:		WORKGROUP
	Logon ID:		0x3E7

Target Subject:
	Security ID:		S-1-0-0
	Account Name:		-
	Account Domain:		-
	Logon ID:		0x0

Process Information:
	New Process ID:		0x18c8
	New Process Name:	C:\Program Files\SplunkUniversalForwarder\bin\splunk-powershell.exe
	Token Elevation Type:	TokenElevationTypeDefault (1)
	Mandatory Label:		S-1-16-16384
	Creator Process ID:	0x1860
	Creator Process Name:	C:\Program Files\SplunkUniversalForwarder\bin\splunkd.exe
	Process Command Line:	""C:\Program Files\SplunkUniversalForwarder\bin\splunk-powershell.exe"" --ps2

Token Elevation Type indicates the type of token that was assigned to the new process in accordance with User Account Control policy.

Type 1 is a full token with no privileges removed or groups disabled.  A full token is only used if User Account Control is disabled or if the user is the built-in Administrator account or a service account.

Type 2 is an elevated token with no privileges removed or groups disabled.  An elevated token is used when User Account Control is enabled and the user chooses to start the program using Run as administrator.  An elevated token is also used when an application is configured to always require administrative privilege or to always require maximum privilege, and the user is a member of the Administrators group.

Type 3 is a limited token with administrative privileges removed and administrative groups disabled.  The limited token is used when User Account Control is enabled, the application does not require administrative privilege, and the user does not choose to start the program using Run as administrator.",,,0x18c8,"C:\Program Files\SplunkUniversalForwarder\bin\splunk-powershell.exe",Info,,,"""C:\Program Files\SplunkUniversalForwarder\bin\splunk-powershell.exe"" --ps2",,,88605,,,"S-1-5-18
S-1-0-0",,,"Microsoft Windows security auditing.",,,"Audit Policy Change","TokenElevationTypeDefault (1)",,Information,,,"02/03/2026 05:48:37.804 PM
LogName=Security
EventCode=4688
EventType=0
ComputerName=VICTIM
SourceName=Microsoft Windows security auditing.
Type=Information
RecordNumber=88605
Keywords=Audit Success
TaskCategory=Audit Policy Change
OpCode=Info
Message=A new process has been created.

Creator Subject:
	Security ID:		S-1-5-18
	Account Name:		VICTIM$
	Account Domain:		WORKGROUP
	Logon ID:		0x3E7

Target Subject:
	Security ID:		S-1-0-0
	Account Name:		-
