	Account Domain:		-
	Logon ID:		0x0

Process Information:
	New Process ID:		0x6a0
	New Process Name:	C:\Program Files\SplunkUniversalForwarder\bin\splunk-regmon.exe
	Token Elevation Type:	TokenElevationTypeDefault (1)
	Mandatory Label:		S-1-16-16384
	Creator Process ID:	0x1860
	Creator Process Name:	C:\Program Files\SplunkUniversalForwarder\bin\splunkd.exe
	Process Command Line:	""C:\Program Files\SplunkUniversalForwarder\bin\splunk-regmon.exe""

Token Elevation Type indicates the type of token that was assigned to the new process in accordance with User Account Control policy.

Type 1 is a full token with no privileges removed or groups disabled.  A full token is only used if User Account Control is disabled or if the user is the built-in Administrator account or a service account.

Type 2 is an elevated token with no privileges removed or groups disabled.  An elevated token is used when User Account Control is enabled and the user chooses to start the program using Run as administrator.  An elevated token is also used when an application is configured to always require administrative privilege or to always require maximum privilege, and the user is a member of the Administrators group.

Type 3 is a limited token with administrative privileges removed and administrative groups disabled.  The limited token is used when User Account Control is enabled, the application does not require administrative privilege, and the user does not choose to start the program using Run as administrator.",,,0x6a0,"C:\Program Files\SplunkUniversalForwarder\bin\splunk-regmon.exe",Info,,,"""C:\Program Files\SplunkUniversalForwarder\bin\splunk-regmon.exe""",,,88731,,,"S-1-5-18
S-1-0-0",,,"Microsoft Windows security auditing.",,,"Audit Policy Change","TokenElevationTypeDefault (1)",,Information,,,"02/03/2026 06:06:38.746 PM
LogName=Security
EventCode=4688
EventType=0
ComputerName=VICTIM
SourceName=Microsoft Windows security auditing.
Type=Information
RecordNumber=88731
Keywords=Audit Success
TaskCategory=Audit Policy Change
OpCode=Info
Message=A new process has been created.

Creator Subject:
	Security ID:		S-1-5-18
	Account Name:		VICTIM$
	Account Domain:		WORKGROUP
	Logon ID:		0x3E7

Target Subject:
	Security ID:		S-1-0-0
	Account Name:		-
	Account Domain:		-
	Logon ID:		0x0

Process Information:
	New Process ID:		0x6a0
	New Process Name:	C:\Program Files\SplunkUniversalForwarder\bin\splunk-regmon.exe
	Token Elevation Type:	TokenElevationTypeDefault (1)
	Mandatory Label:		S-1-16-16384
	Creator Process ID:	0x1860
	Creator Process Name:	C:\Program Files\SplunkUniversalForwarder\bin\splunkd.exe
	Process Command Line:	""C:\Program Files\SplunkUniversalForwarder\bin\splunk-regmon.exe""

Token Elevation Type indicates the type of token that was assigned to the new process in accordance with User Account Control policy.

Type 1 is a full token with no privileges removed or groups disabled.  A full token is only used if User Account Control is disabled or if the user is the built-in Administrator account or a service account.

Type 2 is an elevated token with no privileges removed or groups disabled.  An elevated token is used when User Account Control is enabled and the user chooses to start the program using Run as administrator.  An elevated token is also used when an application is configured to always require administrative privilege or to always require maximum privilege, and the user is a member of the Administrators group.

Type 3 is a limited token with administrative privileges removed and administrative groups disabled.  The limited token is used when User Account Control is enabled, the application does not require administrative privilege, and the user does not choose to start the program using Run as administrator.","2026-02-03T18:06:38.746+00:00",,VICTIM,main,41,"//_::._=====___.===_=__==_____.\r\r_:\rt_:tt---\rt_:tt","WinEventLog:Security","WinEventLog:Security",ubuntusplunk,
"WORKGROUP
-","VICTIM$
-",,VICTIM,0x1860,"C:\Program Files\SplunkUniversalForwarder\bin\splunkd.exe",,4688,0,,,"Audit Success",,Security,,"0x3E7
0x0",,,"S-1-16-16384","A new process has been created.

Creator Subject:
	Security ID:		S-1-5-18
	Account Name:		VICTIM$
	Account Domain:		WORKGROUP
	Logon ID:		0x3E7

Target Subject:
	Security ID:		S-1-0-0
	Account Name:		-
	Account Domain:		-
	Logon ID:		0x0

Process Information:
	New Process ID:		0xeec
	New Process Name:	C:\Program Files\SplunkUniversalForwarder\bin\splunk-powershell.exe
	Token Elevation Type:	TokenElevationTypeDefault (1)
	Mandatory Label:		S-1-16-16384
	Creator Process ID:	0x1860
	Creator Process Name:	C:\Program Files\SplunkUniversalForwarder\bin\splunkd.exe
	Process Command Line:	""C:\Program Files\SplunkUniversalForwarder\bin\splunk-powershell.exe"" --ps2

Token Elevation Type indicates the type of token that was assigned to the new process in accordance with User Account Control policy.

Type 1 is a full token with no privileges removed or groups disabled.  A full token is only used if User Account Control is disabled or if the user is the built-in Administrator account or a service account.

Type 2 is an elevated token with no privileges removed or groups disabled.  An elevated token is used when User Account Control is enabled and the user chooses to start the program using Run as administrator.  An elevated token is also used when an application is configured to always require administrative privilege or to always require maximum privilege, and the user is a member of the Administrators group.

Type 3 is a limited token with administrative privileges removed and administrative groups disabled.  The limited token is used when User Account Control is enabled, the application does not require administrative privilege, and the user does not choose to start the program using Run as administrator.",,,0xeec,"C:\Program Files\SplunkUniversalForwarder\bin\splunk-powershell.exe",Info,,,"""C:\Program Files\SplunkUniversalForwarder\bin\splunk-powershell.exe"" --ps2",,,88730,,,"S-1-5-18
S-1-0-0",,,"Microsoft Windows security auditing.",,,"Audit Policy Change","TokenElevationTypeDefault (1)",,Information,,,"02/03/2026 06:06:37.981 PM
LogName=Security
EventCode=4688
EventType=0
ComputerName=VICTIM
SourceName=Microsoft Windows security auditing.
Type=Information
RecordNumber=88730
Keywords=Audit Success
TaskCategory=Audit Policy Change
OpCode=Info
Message=A new process has been created.

Creator Subject:
	Security ID:		S-1-5-18
	Account Name:		VICTIM$
	Account Domain:		WORKGROUP
	Logon ID:		0x3E7

Target Subject:
	Security ID:		S-1-0-0
	Account Name:		-
	Account Domain:		-
	Logon ID:		0x0

Process Information:
	New Process ID:		0xeec
	New Process Name:	C:\Program Files\SplunkUniversalForwarder\bin\splunk-powershell.exe
	Token Elevation Type:	TokenElevationTypeDefault (1)
	Mandatory Label:		S-1-16-16384
	Creator Process ID:	0x1860
	Creator Process Name:	C:\Program Files\SplunkUniversalForwarder\bin\splunkd.exe
	Process Command Line:	""C:\Program Files\SplunkUniversalForwarder\bin\splunk-powershell.exe"" --ps2

Token Elevation Type indicates the type of token that was assigned to the new process in accordance with User Account Control policy.

Type 1 is a full token with no privileges removed or groups disabled.  A full token is only used if User Account Control is disabled or if the user is the built-in Administrator account or a service account.

Type 2 is an elevated token with no privileges removed or groups disabled.  An elevated token is used when User Account Control is enabled and the user chooses to start the program using Run as administrator.  An elevated token is also used when an application is configured to always require administrative privilege or to always require maximum privilege, and the user is a member of the Administrators group.

Type 3 is a limited token with administrative privileges removed and administrative groups disabled.  The limited token is used when User Account Control is enabled, the application does not require administrative privilege, and the user does not choose to start the program using Run as administrator.","2026-02-03T18:06:37.981+00:00",,VICTIM,main,41,"//_::._=====___.===_=__==_____.\r\r_:\rt_:tt---\rt_:tt","WinEventLog:Security","WinEventLog:Security",ubuntusplunk,
"WORKGROUP
-","VICTIM$
-",,VICTIM,0x1860,"C:\Program Files\SplunkUniversalForwarder\bin\splunkd.exe",,4688,0,,,"Audit Success",,Security,,"0x3E7
0x0",,,"S-1-16-16384","A new process has been created.

Creator Subject:
	Security ID:		S-1-5-18
	Account Name:		VICTIM$
	Account Domain:		WORKGROUP
	Logon ID:		0x3E7

Target Subject:
	Security ID:		S-1-0-0
	Account Name:		-
	Account Domain:		-
	Logon ID:		0x0

Process Information:
	New Process ID:		0x38ec
	New Process Name:	C:\Program Files\SplunkUniversalForwarder\bin\splunk-netmon.exe
	Token Elevation Type:	TokenElevationTypeDefault (1)
	Mandatory Label:		S-1-16-16384
	Creator Process ID:	0x1860
	Creator Process Name:	C:\Program Files\SplunkUniversalForwarder\bin\splunkd.exe
	Process Command Line:	""C:\Program Files\SplunkUniversalForwarder\bin\splunk-netmon.exe""

Token Elevation Type indicates the type of token that was assigned to the new process in accordance with User Account Control policy.

Type 1 is a full token with no privileges removed or groups disabled.  A full token is only used if User Account Control is disabled or if the user is the built-in Administrator account or a service account.

Type 2 is an elevated token with no privileges removed or groups disabled.  An elevated token is used when User Account Control is enabled and the user chooses to start the program using Run as administrator.  An elevated token is also used when an application is configured to always require administrative privilege or to always require maximum privilege, and the user is a member of the Administrators group.

Type 3 is a limited token with administrative privileges removed and administrative groups disabled.  The limited token is used when User Account Control is enabled, the application does not require administrative privilege, and the user does not choose to start the program using Run as administrator.",,,0x38ec,"C:\Program Files\SplunkUniversalForwarder\bin\splunk-netmon.exe",Info,,,"""C:\Program Files\SplunkUniversalForwarder\bin\splunk-netmon.exe""",,,88729,,,"S-1-5-18
S-1-0-0",,,"Microsoft Windows security auditing.",,,"Audit Policy Change","TokenElevationTypeDefault (1)",,Information,,,"02/03/2026 06:06:37.216 PM
LogName=Security
EventCode=4688
EventType=0
ComputerName=VICTIM
SourceName=Microsoft Windows security auditing.
Type=Information
RecordNumber=88729
Keywords=Audit Success
TaskCategory=Audit Policy Change
OpCode=Info
Message=A new process has been created.

Creator Subject:
	Security ID:		S-1-5-18
	Account Name:		VICTIM$
	Account Domain:		WORKGROUP
	Logon ID:		0x3E7

Target Subject:
	Security ID:		S-1-0-0
	Account Name:		-
	Account Domain:		-
	Logon ID:		0x0

Process Information:
	New Process ID:		0x38ec
	New Process Name:	C:\Program Files\SplunkUniversalForwarder\bin\splunk-netmon.exe
	Token Elevation Type:	TokenElevationTypeDefault (1)
	Mandatory Label:		S-1-16-16384
	Creator Process ID:	0x1860
	Creator Process Name:	C:\Program Files\SplunkUniversalForwarder\bin\splunkd.exe
	Process Command Line:	""C:\Program Files\SplunkUniversalForwarder\bin\splunk-netmon.exe""

Token Elevation Type indicates the type of token that was assigned to the new process in accordance with User Account Control policy.

Type 1 is a full token with no privileges removed or groups disabled.  A full token is only used if User Account Control is disabled or if the user is the built-in Administrator account or a service account.

Type 2 is an elevated token with no privileges removed or groups disabled.  An elevated token is used when User Account Control is enabled and the user chooses to start the program using Run as administrator.  An elevated token is also used when an application is configured to always require administrative privilege or to always require maximum privilege, and the user is a member of the Administrators group.

Type 3 is a limited token with administrative privileges removed and administrative groups disabled.  The limited token is used when User Account Control is enabled, the application does not require administrative privilege, and the user does not choose to start the program using Run as administrator.","2026-02-03T18:06:37.216+00:00",,VICTIM,main,41,"//_::._=====___.===_=__==_____.\r\r_:\rt_:tt---\rt_:tt","WinEventLog:Security","WinEventLog:Security",ubuntusplunk,
"WORKGROUP
-","VICTIM$
-",,VICTIM,0x1860,"C:\Program Files\SplunkUniversalForwarder\bin\splunkd.exe",,4688,0,,,"Audit Success",,Security,,"0x3E7
0x0",,,"S-1-16-16384","A new process has been created.

Creator Subject:
	Security ID:		S-1-5-18
	Account Name:		VICTIM$
	Account Domain:		WORKGROUP
	Logon ID:		0x3E7

Target Subject:
	Security ID:		S-1-0-0
	Account Name:		-
	Account Domain:		-
	Logon ID:		0x0

Process Information:
	New Process ID:		0x1818
	New Process Name:	C:\Program Files\SplunkUniversalForwarder\bin\splunk-MonitorNoHandle.exe
	Token Elevation Type:	TokenElevationTypeDefault (1)
	Mandatory Label:		S-1-16-16384
	Creator Process ID:	0x1860
	Creator Process Name:	C:\Program Files\SplunkUniversalForwarder\bin\splunkd.exe
	Process Command Line:	""C:\Program Files\SplunkUniversalForwarder\bin\splunk-MonitorNoHandle.exe""

Token Elevation Type indicates the type of token that was assigned to the new process in accordance with User Account Control policy.

Type 1 is a full token with no privileges removed or groups disabled.  A full token is only used if User Account Control is disabled or if the user is the built-in Administrator account or a service account.

Type 2 is an elevated token with no privileges removed or groups disabled.  An elevated token is used when User Account Control is enabled and the user chooses to start the program using Run as administrator.  An elevated token is also used when an application is configured to always require administrative privilege or to always require maximum privilege, and the user is a member of the Administrators group.

Type 3 is a limited token with administrative privileges removed and administrative groups disabled.  The limited token is used when User Account Control is enabled, the application does not require administrative privilege, and the user does not choose to start the program using Run as administrator.",,,0x1818,"C:\Program Files\SplunkUniversalForwarder\bin\splunk-MonitorNoHandle.exe",Info,,,"""C:\Program Files\SplunkUniversalForwarder\bin\splunk-MonitorNoHandle.exe""",,,88728,,,"S-1-5-18
S-1-0-0",,,"Microsoft Windows security auditing.",,,"Audit Policy Change","TokenElevationTypeDefault (1)",,Information,,,"02/03/2026 06:06:36.450 PM
LogName=Security
EventCode=4688
EventType=0
ComputerName=VICTIM
SourceName=Microsoft Windows security auditing.
Type=Information
RecordNumber=88728
Keywords=Audit Success
TaskCategory=Audit Policy Change
OpCode=Info
Message=A new process has been created.

Creator Subject:
	Security ID:		S-1-5-18
	Account Name:		VICTIM$
	Account Domain:		WORKGROUP
	Logon ID:		0x3E7

Target Subject:
	Security ID:		S-1-0-0
	Account Name:		-
	Account Domain:		-
	Logon ID:		0x0

Process Information:
	New Process ID:		0x1818
	New Process Name:	C:\Program Files\SplunkUniversalForwarder\bin\splunk-MonitorNoHandle.exe
	Token Elevation Type:	TokenElevationTypeDefault (1)
	Mandatory Label:		S-1-16-16384
	Creator Process ID:	0x1860
	Creator Process Name:	C:\Program Files\SplunkUniversalForwarder\bin\splunkd.exe
	Process Command Line:	""C:\Program Files\SplunkUniversalForwarder\bin\splunk-MonitorNoHandle.exe""

Token Elevation Type indicates the type of token that was assigned to the new process in accordance with User Account Control policy.

Type 1 is a full token with no privileges removed or groups disabled.  A full token is only used if User Account Control is disabled or if the user is the built-in Administrator account or a service account.

Type 2 is an elevated token with no privileges removed or groups disabled.  An elevated token is used when User Account Control is enabled and the user chooses to start the program using Run as administrator.  An elevated token is also used when an application is configured to always require administrative privilege or to always require maximum privilege, and the user is a member of the Administrators group.

Type 3 is a limited token with administrative privileges removed and administrative groups disabled.  The limited token is used when User Account Control is enabled, the application does not require administrative privilege, and the user does not choose to start the program using Run as administrator.","2026-02-03T18:06:36.450+00:00",,VICTIM,main,41,"//_::._=====___.===_=__==_____.\r\r_:\rt_:tt---\rt_:tt","WinEventLog:Security","WinEventLog:Security",ubuntusplunk,
"WORKGROUP
-","VICTIM$
-",,VICTIM,0x1860,"C:\Program Files\SplunkUniversalForwarder\bin\splunkd.exe",,4688,0,,,"Audit Success",,Security,,"0x3E7
0x0",,,"S-1-16-16384","A new process has been created.

Creator Subject:
	Security ID:		S-1-5-18
	Account Name:		VICTIM$
	Account Domain:		WORKGROUP
	Logon ID:		0x3E7

Target Subject:
	Security ID:		S-1-0-0
	Account Name:		-
	Account Domain:		-
	Logon ID:		0x0

Process Information:
	New Process ID:		0x3d10
	New Process Name:	C:\Program Files\SplunkUniversalForwarder\bin\splunk-admon.exe
	Token Elevation Type:	TokenElevationTypeDefault (1)
	Mandatory Label:		S-1-16-16384
	Creator Process ID:	0x1860
	Creator Process Name:	C:\Program Files\SplunkUniversalForwarder\bin\splunkd.exe
	Process Command Line:	""C:\Program Files\SplunkUniversalForwarder\bin\splunk-admon.exe""

Token Elevation Type indicates the type of token that was assigned to the new process in accordance with User Account Control policy.

Type 1 is a full token with no privileges removed or groups disabled.  A full token is only used if User Account Control is disabled or if the user is the built-in Administrator account or a service account.

Type 2 is an elevated token with no privileges removed or groups disabled.  An elevated token is used when User Account Control is enabled and the user chooses to start the program using Run as administrator.  An elevated token is also used when an application is configured to always require administrative privilege or to always require maximum privilege, and the user is a member of the Administrators group.

Type 3 is a limited token with administrative privileges removed and administrative groups disabled.  The limited token is used when User Account Control is enabled, the application does not require administrative privilege, and the user does not choose to start the program using Run as administrator.",,,0x3d10,"C:\Program Files\SplunkUniversalForwarder\bin\splunk-admon.exe",Info,,,"""C:\Program Files\SplunkUniversalForwarder\bin\splunk-admon.exe""",,,88727,,,"S-1-5-18
S-1-0-0",,,"Microsoft Windows security auditing.",,,"Audit Policy Change","TokenElevationTypeDefault (1)",,Information,,,"02/03/2026 06:06:35.684 PM
LogName=Security
EventCode=4688
EventType=0
ComputerName=VICTIM
SourceName=Microsoft Windows security auditing.
Type=Information
RecordNumber=88727
Keywords=Audit Success
TaskCategory=Audit Policy Change
OpCode=Info
Message=A new process has been created.

Creator Subject:
	Security ID:		S-1-5-18
	Account Name:		VICTIM$
	Account Domain:		WORKGROUP
	Logon ID:		0x3E7

Target Subject:
	Security ID:		S-1-0-0
	Account Name:		-
	Account Domain:		-
	Logon ID:		0x0

Process Information:
	New Process ID:		0x3d10
	New Process Name:	C:\Program Files\SplunkUniversalForwarder\bin\splunk-admon.exe
	Token Elevation Type:	TokenElevationTypeDefault (1)
	Mandatory Label:		S-1-16-16384
	Creator Process ID:	0x1860
	Creator Process Name:	C:\Program Files\SplunkUniversalForwarder\bin\splunkd.exe
	Process Command Line:	""C:\Program Files\SplunkUniversalForwarder\bin\splunk-admon.exe""

Token Elevation Type indicates the type of token that was assigned to the new process in accordance with User Account Control policy.

Type 1 is a full token with no privileges removed or groups disabled.  A full token is only used if User Account Control is disabled or if the user is the built-in Administrator account or a service account.

Type 2 is an elevated token with no privileges removed or groups disabled.  An elevated token is used when User Account Control is enabled and the user chooses to start the program using Run as administrator.  An elevated token is also used when an application is configured to always require administrative privilege or to always require maximum privilege, and the user is a member of the Administrators group.

Type 3 is a limited token with administrative privileges removed and administrative groups disabled.  The limited token is used when User Account Control is enabled, the application does not require administrative privilege, and the user does not choose to start the program using Run as administrator.","2026-02-03T18:06:35.684+00:00",,VICTIM,main,41,"//_::._=====___.===_=__==_____.\r\r_:\rt_:tt---\rt_:tt","WinEventLog:Security","WinEventLog:Security",ubuntusplunk,
"WORKGROUP
-","VICTIM$
-",,VICTIM,0x1860,"C:\Program Files\SplunkUniversalForwarder\bin\splunkd.exe",,4688,0,,,"Audit Success",,Security,,"0x3E7
0x0",,,"S-1-16-16384","A new process has been created.

Creator Subject:
	Security ID:		S-1-5-18
	Account Name:		VICTIM$
	Account Domain:		WORKGROUP
	Logon ID:		0x3E7

Target Subject:
	Security ID:		S-1-0-0
	Account Name:		-
	Account Domain:		-
	Logon ID:		0x0

Process Information:
	New Process ID:		0x1af4
	New Process Name:	C:\Program Files\SplunkUniversalForwarder\bin\splunk-powershell.exe
	Token Elevation Type:	TokenElevationTypeDefault (1)
	Mandatory Label:		S-1-16-16384
	Creator Process ID:	0x1860
	Creator Process Name:	C:\Program Files\SplunkUniversalForwarder\bin\splunkd.exe
	Process Command Line:	""C:\Program Files\SplunkUniversalForwarder\bin\splunk-powershell.exe""

Token Elevation Type indicates the type of token that was assigned to the new process in accordance with User Account Control policy.

Type 1 is a full token with no privileges removed or groups disabled.  A full token is only used if User Account Control is disabled or if the user is the built-in Administrator account or a service account.

Type 2 is an elevated token with no privileges removed or groups disabled.  An elevated token is used when User Account Control is enabled and the user chooses to start the program using Run as administrator.  An elevated token is also used when an application is configured to always require administrative privilege or to always require maximum privilege, and the user is a member of the Administrators group.

Type 3 is a limited token with administrative privileges removed and administrative groups disabled.  The limited token is used when User Account Control is enabled, the application does not require administrative privilege, and the user does not choose to start the program using Run as administrator.",,,0x1af4,"C:\Program Files\SplunkUniversalForwarder\bin\splunk-powershell.exe",Info,,,"""C:\Program Files\SplunkUniversalForwarder\bin\splunk-powershell.exe""",,,88726,,,"S-1-5-18
S-1-0-0",,,"Microsoft Windows security auditing.",,,"Audit Policy Change","TokenElevationTypeDefault (1)",,Information,,,"02/03/2026 06:06:34.919 PM
LogName=Security
EventCode=4688
EventType=0
ComputerName=VICTIM
SourceName=Microsoft Windows security auditing.
Type=Information
RecordNumber=88726
Keywords=Audit Success
TaskCategory=Audit Policy Change
OpCode=Info
Message=A new process has been created.

Creator Subject:
	Security ID:		S-1-5-18
	Account Name:		VICTIM$
	Account Domain:		WORKGROUP
	Logon ID:		0x3E7

Target Subject:
	Security ID:		S-1-0-0
	Account Name:		-
	Account Domain:		-
	Logon ID:		0x0

Process Information:
	New Process ID:		0x1af4
	New Process Name:	C:\Program Files\SplunkUniversalForwarder\bin\splunk-powershell.exe
	Token Elevation Type:	TokenElevationTypeDefault (1)
	Mandatory Label:		S-1-16-16384
	Creator Process ID:	0x1860
	Creator Process Name:	C:\Program Files\SplunkUniversalForwarder\bin\splunkd.exe
	Process Command Line:	""C:\Program Files\SplunkUniversalForwarder\bin\splunk-powershell.exe""

Token Elevation Type indicates the type of token that was assigned to the new process in accordance with User Account Control policy.

Type 1 is a full token with no privileges removed or groups disabled.  A full token is only used if User Account Control is disabled or if the user is the built-in Administrator account or a service account.

Type 2 is an elevated token with no privileges removed or groups disabled.  An elevated token is used when User Account Control is enabled and the user chooses to start the program using Run as administrator.  An elevated token is also used when an application is configured to always require administrative privilege or to always require maximum privilege, and the user is a member of the Administrators group.

Type 3 is a limited token with administrative privileges removed and administrative groups disabled.  The limited token is used when User Account Control is enabled, the application does not require administrative privilege, and the user does not choose to start the program using Run as administrator.","2026-02-03T18:06:34.919+00:00",,VICTIM,main,41,"//_::._=====___.===_=__==_____.\r\r_:\rt_:tt---\rt_:tt","WinEventLog:Security","WinEventLog:Security",ubuntusplunk,
"WORKGROUP
-","VICTIM$
-",,VICTIM,0x1860,"C:\Program Files\SplunkUniversalForwarder\bin\splunkd.exe",,4688,0,,,"Audit Success",,Security,,"0x3E7
0x0",,,"S-1-16-16384","A new process has been created.

Creator Subject:
	Security ID:		S-1-5-18
	Account Name:		VICTIM$
	Account Domain:		WORKGROUP
	Logon ID:		0x3E7

Target Subject:
	Security ID:		S-1-0-0
	Account Name:		-
	Account Domain:		-
	Logon ID:		0x0

Process Information:
	New Process ID:		0x2160
	New Process Name:	C:\Program Files\SplunkUniversalForwarder\bin\splunk-regmon.exe
	Token Elevation Type:	TokenElevationTypeDefault (1)
	Mandatory Label:		S-1-16-16384
	Creator Process ID:	0x1860
	Creator Process Name:	C:\Program Files\SplunkUniversalForwarder\bin\splunkd.exe
	Process Command Line:	""C:\Program Files\SplunkUniversalForwarder\bin\splunk-regmon.exe""

Token Elevation Type indicates the type of token that was assigned to the new process in accordance with User Account Control policy.

Type 1 is a full token with no privileges removed or groups disabled.  A full token is only used if User Account Control is disabled or if the user is the built-in Administrator account or a service account.

Type 2 is an elevated token with no privileges removed or groups disabled.  An elevated token is used when User Account Control is enabled and the user chooses to start the program using Run as administrator.  An elevated token is also used when an application is configured to always require administrative privilege or to always require maximum privilege, and the user is a member of the Administrators group.

Type 3 is a limited token with administrative privileges removed and administrative groups disabled.  The limited token is used when User Account Control is enabled, the application does not require administrative privilege, and the user does not choose to start the program using Run as administrator.",,,0x2160,"C:\Program Files\SplunkUniversalForwarder\bin\splunk-regmon.exe",Info,,,"""C:\Program Files\SplunkUniversalForwarder\bin\splunk-regmon.exe""",,,88725,,,"S-1-5-18
S-1-0-0",,,"Microsoft Windows security auditing.",,,"Audit Policy Change","TokenElevationTypeDefault (1)",,Information,,,"02/03/2026 06:05:38.732 PM
LogName=Security
EventCode=4688
EventType=0
ComputerName=VICTIM
SourceName=Microsoft Windows security auditing.
Type=Information
RecordNumber=88725
Keywords=Audit Success
TaskCategory=Audit Policy Change
OpCode=Info
Message=A new process has been created.

Creator Subject:
	Security ID:		S-1-5-18
	Account Name:		VICTIM$
	Account Domain:		WORKGROUP
	Logon ID:		0x3E7

Target Subject:
	Security ID:		S-1-0-0
	Account Name:		-
	Account Domain:		-
	Logon ID:		0x0

Process Information:
	New Process ID:		0x2160
	New Process Name:	C:\Program Files\SplunkUniversalForwarder\bin\splunk-regmon.exe
	Token Elevation Type:	TokenElevationTypeDefault (1)
	Mandatory Label:		S-1-16-16384
	Creator Process ID:	0x1860
	Creator Process Name:	C:\Program Files\SplunkUniversalForwarder\bin\splunkd.exe
	Process Command Line:	""C:\Program Files\SplunkUniversalForwarder\bin\splunk-regmon.exe""

Token Elevation Type indicates the type of token that was assigned to the new process in accordance with User Account Control policy.

Type 1 is a full token with no privileges removed or groups disabled.  A full token is only used if User Account Control is disabled or if the user is the built-in Administrator account or a service account.

Type 2 is an elevated token with no privileges removed or groups disabled.  An elevated token is used when User Account Control is enabled and the user chooses to start the program using Run as administrator.  An elevated token is also used when an application is configured to always require administrative privilege or to always require maximum privilege, and the user is a member of the Administrators group.

Type 3 is a limited token with administrative privileges removed and administrative groups disabled.  The limited token is used when User Account Control is enabled, the application does not require administrative privilege, and the user does not choose to start the program using Run as administrator.","2026-02-03T18:05:38.732+00:00",,VICTIM,main,41,"//_::._=====___.===_=__==_____.\r\r_:\rt_:tt---\rt_:tt","WinEventLog:Security","WinEventLog:Security",ubuntusplunk,
"WORKGROUP
-","VICTIM$
-",,VICTIM,0x1860,"C:\Program Files\SplunkUniversalForwarder\bin\splunkd.exe",,4688,0,,,"Audit Success",,Security,,"0x3E7
0x0",,,"S-1-16-16384","A new process has been created.

Creator Subject:
	Security ID:		S-1-5-18
	Account Name:		VICTIM$
	Account Domain:		WORKGROUP
	Logon ID:		0x3E7

Target Subject:
	Security ID:		S-1-0-0
	Account Name:		-
	Account Domain:		-
	Logon ID:		0x0

Process Information:
	New Process ID:		0x3d5c
	New Process Name:	C:\Program Files\SplunkUniversalForwarder\bin\splunk-powershell.exe
	Token Elevation Type:	TokenElevationTypeDefault (1)
	Mandatory Label:		S-1-16-16384
	Creator Process ID:	0x1860
	Creator Process Name:	C:\Program Files\SplunkUniversalForwarder\bin\splunkd.exe
	Process Command Line:	""C:\Program Files\SplunkUniversalForwarder\bin\splunk-powershell.exe"" --ps2

Token Elevation Type indicates the type of token that was assigned to the new process in accordance with User Account Control policy.

Type 1 is a full token with no privileges removed or groups disabled.  A full token is only used if User Account Control is disabled or if the user is the built-in Administrator account or a service account.

Type 2 is an elevated token with no privileges removed or groups disabled.  An elevated token is used when User Account Control is enabled and the user chooses to start the program using Run as administrator.  An elevated token is also used when an application is configured to always require administrative privilege or to always require maximum privilege, and the user is a member of the Administrators group.

Type 3 is a limited token with administrative privileges removed and administrative groups disabled.  The limited token is used when User Account Control is enabled, the application does not require administrative privilege, and the user does not choose to start the program using Run as administrator.",,,0x3d5c,"C:\Program Files\SplunkUniversalForwarder\bin\splunk-powershell.exe",Info,,,"""C:\Program Files\SplunkUniversalForwarder\bin\splunk-powershell.exe"" --ps2",,,88724,,,"S-1-5-18
S-1-0-0",,,"Microsoft Windows security auditing.",,,"Audit Policy Change","TokenElevationTypeDefault (1)",,Information,,,"02/03/2026 06:05:37.967 PM
LogName=Security
EventCode=4688
EventType=0
ComputerName=VICTIM
SourceName=Microsoft Windows security auditing.
Type=Information
RecordNumber=88724
Keywords=Audit Success
TaskCategory=Audit Policy Change
OpCode=Info
Message=A new process has been created.

Creator Subject:
	Security ID:		S-1-5-18
	Account Name:		VICTIM$
	Account Domain:		WORKGROUP
	Logon ID:		0x3E7

Target Subject:
	Security ID:		S-1-0-0
	Account Name:		-
	Account Domain:		-
	Logon ID:		0x0

Process Information:
	New Process ID:		0x3d5c
	New Process Name:	C:\Program Files\SplunkUniversalForwarder\bin\splunk-powershell.exe
	Token Elevation Type:	TokenElevationTypeDefault (1)
	Mandatory Label:		S-1-16-16384
	Creator Process ID:	0x1860
	Creator Process Name:	C:\Program Files\SplunkUniversalForwarder\bin\splunkd.exe
	Process Command Line:	""C:\Program Files\SplunkUniversalForwarder\bin\splunk-powershell.exe"" --ps2

Token Elevation Type indicates the type of token that was assigned to the new process in accordance with User Account Control policy.

Type 1 is a full token with no privileges removed or groups disabled.  A full token is only used if User Account Control is disabled or if the user is the built-in Administrator account or a service account.

Type 2 is an elevated token with no privileges removed or groups disabled.  An elevated token is used when User Account Control is enabled and the user chooses to start the program using Run as administrator.  An elevated token is also used when an application is configured to always require administrative privilege or to always require maximum privilege, and the user is a member of the Administrators group.

Type 3 is a limited token with administrative privileges removed and administrative groups disabled.  The limited token is used when User Account Control is enabled, the application does not require administrative privilege, and the user does not choose to start the program using Run as administrator.","2026-02-03T18:05:37.967+00:00",,VICTIM,main,41,"//_::._=====___.===_=__==_____.\r\r_:\rt_:tt---\rt_:tt","WinEventLog:Security","WinEventLog:Security",ubuntusplunk,
"WORKGROUP
-","VICTIM$
-",,VICTIM,0x1860,"C:\Program Files\SplunkUniversalForwarder\bin\splunkd.exe",,4688,0,,,"Audit Success",,Security,,"0x3E7
0x0",,,"S-1-16-16384","A new process has been created.

Creator Subject:
	Security ID:		S-1-5-18
	Account Name:		VICTIM$
	Account Domain:		WORKGROUP
	Logon ID:		0x3E7

Target Subject:
	Security ID:		S-1-0-0
	Account Name:		-
	Account Domain:		-
	Logon ID:		0x0

Process Information:
	New Process ID:		0x20c4
	New Process Name:	C:\Program Files\SplunkUniversalForwarder\bin\splunk-MonitorNoHandle.exe
	Token Elevation Type:	TokenElevationTypeDefault (1)
	Mandatory Label:		S-1-16-16384
	Creator Process ID:	0x1860
	Creator Process Name:	C:\Program Files\SplunkUniversalForwarder\bin\splunkd.exe
	Process Command Line:	""C:\Program Files\SplunkUniversalForwarder\bin\splunk-MonitorNoHandle.exe""

Token Elevation Type indicates the type of token that was assigned to the new process in accordance with User Account Control policy.

Type 1 is a full token with no privileges removed or groups disabled.  A full token is only used if User Account Control is disabled or if the user is the built-in Administrator account or a service account.

Type 2 is an elevated token with no privileges removed or groups disabled.  An elevated token is used when User Account Control is enabled and the user chooses to start the program using Run as administrator.  An elevated token is also used when an application is configured to always require administrative privilege or to always require maximum privilege, and the user is a member of the Administrators group.

Type 3 is a limited token with administrative privileges removed and administrative groups disabled.  The limited token is used when User Account Control is enabled, the application does not require administrative privilege, and the user does not choose to start the program using Run as administrator.",,,0x20c4,"C:\Program Files\SplunkUniversalForwarder\bin\splunk-MonitorNoHandle.exe",Info,,,"""C:\Program Files\SplunkUniversalForwarder\bin\splunk-MonitorNoHandle.exe""",,,88723,,,"S-1-5-18
S-1-0-0",,,"Microsoft Windows security auditing.",,,"Audit Policy Change","TokenElevationTypeDefault (1)",,Information,,,"02/03/2026 06:05:37.199 PM
LogName=Security
EventCode=4688
EventType=0
ComputerName=VICTIM
SourceName=Microsoft Windows security auditing.
Type=Information
RecordNumber=88723
Keywords=Audit Success
TaskCategory=Audit Policy Change
OpCode=Info
Message=A new process has been created.

Creator Subject:
	Security ID:		S-1-5-18
	Account Name:		VICTIM$
	Account Domain:		WORKGROUP
	Logon ID:		0x3E7

Target Subject:
	Security ID:		S-1-0-0
	Account Name:		-
	Account Domain:		-
	Logon ID:		0x0

Process Information:
	New Process ID:		0x20c4
	New Process Name:	C:\Program Files\SplunkUniversalForwarder\bin\splunk-MonitorNoHandle.exe
	Token Elevation Type:	TokenElevationTypeDefault (1)
	Mandatory Label:		S-1-16-16384
	Creator Process ID:	0x1860
	Creator Process Name:	C:\Program Files\SplunkUniversalForwarder\bin\splunkd.exe
	Process Command Line:	""C:\Program Files\SplunkUniversalForwarder\bin\splunk-MonitorNoHandle.exe""

Token Elevation Type indicates the type of token that was assigned to the new process in accordance with User Account Control policy.

Type 1 is a full token with no privileges removed or groups disabled.  A full token is only used if User Account Control is disabled or if the user is the built-in Administrator account or a service account.

Type 2 is an elevated token with no privileges removed or groups disabled.  An elevated token is used when User Account Control is enabled and the user chooses to start the program using Run as administrator.  An elevated token is also used when an application is configured to always require administrative privilege or to always require maximum privilege, and the user is a member of the Administrators group.

Type 3 is a limited token with administrative privileges removed and administrative groups disabled.  The limited token is used when User Account Control is enabled, the application does not require administrative privilege, and the user does not choose to start the program using Run as administrator.","2026-02-03T18:05:37.199+00:00",,VICTIM,main,41,"//_::._=====___.===_=__==_____.\r\r_:\rt_:tt---\rt_:tt","WinEventLog:Security","WinEventLog:Security",ubuntusplunk,
"WORKGROUP
-","VICTIM$
-",,VICTIM,0x1860,"C:\Program Files\SplunkUniversalForwarder\bin\splunkd.exe",,4688,0,,,"Audit Success",,Security,,"0x3E7
0x0",,,"S-1-16-16384","A new process has been created.

Creator Subject:
	Security ID:		S-1-5-18
	Account Name:		VICTIM$
	Account Domain:		WORKGROUP
	Logon ID:		0x3E7

Target Subject:
	Security ID:		S-1-0-0
	Account Name:		-
	Account Domain:		-
	Logon ID:		0x0

Process Information:
	New Process ID:		0xfec
	New Process Name:	C:\Program Files\SplunkUniversalForwarder\bin\splunk-powershell.exe
	Token Elevation Type:	TokenElevationTypeDefault (1)
	Mandatory Label:		S-1-16-16384
	Creator Process ID:	0x1860
	Creator Process Name:	C:\Program Files\SplunkUniversalForwarder\bin\splunkd.exe
	Process Command Line:	""C:\Program Files\SplunkUniversalForwarder\bin\splunk-powershell.exe""

Token Elevation Type indicates the type of token that was assigned to the new process in accordance with User Account Control policy.

Type 1 is a full token with no privileges removed or groups disabled.  A full token is only used if User Account Control is disabled or if the user is the built-in Administrator account or a service account.

Type 2 is an elevated token with no privileges removed or groups disabled.  An elevated token is used when User Account Control is enabled and the user chooses to start the program using Run as administrator.  An elevated token is also used when an application is configured to always require administrative privilege or to always require maximum privilege, and the user is a member of the Administrators group.

Type 3 is a limited token with administrative privileges removed and administrative groups disabled.  The limited token is used when User Account Control is enabled, the application does not require administrative privilege, and the user does not choose to start the program using Run as administrator.",,,0xfec,"C:\Program Files\SplunkUniversalForwarder\bin\splunk-powershell.exe",Info,,,"""C:\Program Files\SplunkUniversalForwarder\bin\splunk-powershell.exe""",,,88722,,,"S-1-5-18
S-1-0-0",,,"Microsoft Windows security auditing.",,,"Audit Policy Change","TokenElevationTypeDefault (1)",,Information,,,"02/03/2026 06:05:36.435 PM
LogName=Security
EventCode=4688
EventType=0
ComputerName=VICTIM
SourceName=Microsoft Windows security auditing.
Type=Information
RecordNumber=88722
Keywords=Audit Success
TaskCategory=Audit Policy Change
OpCode=Info
Message=A new process has been created.

Creator Subject:
	Security ID:		S-1-5-18
	Account Name:		VICTIM$
	Account Domain:		WORKGROUP
	Logon ID:		0x3E7

Target Subject:
	Security ID:		S-1-0-0
	Account Name:		-
	Account Domain:		-
	Logon ID:		0x0

Process Information:
	New Process ID:		0xfec
	New Process Name:	C:\Program Files\SplunkUniversalForwarder\bin\splunk-powershell.exe
	Token Elevation Type:	TokenElevationTypeDefault (1)
	Mandatory Label:		S-1-16-16384
	Creator Process ID:	0x1860
	Creator Process Name:	C:\Program Files\SplunkUniversalForwarder\bin\splunkd.exe
	Process Command Line:	""C:\Program Files\SplunkUniversalForwarder\bin\splunk-powershell.exe""

Token Elevation Type indicates the type of token that was assigned to the new process in accordance with User Account Control policy.

Type 1 is a full token with no privileges removed or groups disabled.  A full token is only used if User Account Control is disabled or if the user is the built-in Administrator account or a service account.

Type 2 is an elevated token with no privileges removed or groups disabled.  An elevated token is used when User Account Control is enabled and the user chooses to start the program using Run as administrator.  An elevated token is also used when an application is configured to always require administrative privilege or to always require maximum privilege, and the user is a member of the Administrators group.

Type 3 is a limited token with administrative privileges removed and administrative groups disabled.  The limited token is used when User Account Control is enabled, the application does not require administrative privilege, and the user does not choose to start the program using Run as administrator.","2026-02-03T18:05:36.435+00:00",,VICTIM,main,41,"//_::._=====___.===_=__==_____.\r\r_:\rt_:tt---\rt_:tt","WinEventLog:Security","WinEventLog:Security",ubuntusplunk,
"WORKGROUP
-","VICTIM$
-",,VICTIM,0x1860,"C:\Program Files\SplunkUniversalForwarder\bin\splunkd.exe",,4688,0,,,"Audit Success",,Security,,"0x3E7
0x0",,,"S-1-16-16384","A new process has been created.

Creator Subject:
	Security ID:		S-1-5-18
	Account Name:		VICTIM$
	Account Domain:		WORKGROUP
	Logon ID:		0x3E7

Target Subject:
	Security ID:		S-1-0-0
	Account Name:		-
	Account Domain:		-
	Logon ID:		0x0

Process Information:
	New Process ID:		0x3a30
	New Process Name:	C:\Program Files\SplunkUniversalForwarder\bin\splunk-admon.exe
	Token Elevation Type:	TokenElevationTypeDefault (1)
	Mandatory Label:		S-1-16-16384
	Creator Process ID:	0x1860
	Creator Process Name:	C:\Program Files\SplunkUniversalForwarder\bin\splunkd.exe
	Process Command Line:	""C:\Program Files\SplunkUniversalForwarder\bin\splunk-admon.exe""

Token Elevation Type indicates the type of token that was assigned to the new process in accordance with User Account Control policy.

Type 1 is a full token with no privileges removed or groups disabled.  A full token is only used if User Account Control is disabled or if the user is the built-in Administrator account or a service account.

Type 2 is an elevated token with no privileges removed or groups disabled.  An elevated token is used when User Account Control is enabled and the user chooses to start the program using Run as administrator.  An elevated token is also used when an application is configured to always require administrative privilege or to always require maximum privilege, and the user is a member of the Administrators group.

Type 3 is a limited token with administrative privileges removed and administrative groups disabled.  The limited token is used when User Account Control is enabled, the application does not require administrative privilege, and the user does not choose to start the program using Run as administrator.",,,0x3a30,"C:\Program Files\SplunkUniversalForwarder\bin\splunk-admon.exe",Info,,,"""C:\Program Files\SplunkUniversalForwarder\bin\splunk-admon.exe""",,,88721,,,"S-1-5-18
S-1-0-0",,,"Microsoft Windows security auditing.",,,"Audit Policy Change","TokenElevationTypeDefault (1)",,Information,,,"02/03/2026 06:05:35.670 PM
LogName=Security
EventCode=4688
EventType=0
ComputerName=VICTIM
SourceName=Microsoft Windows security auditing.
Type=Information
RecordNumber=88721
Keywords=Audit Success
TaskCategory=Audit Policy Change
OpCode=Info
Message=A new process has been created.

Creator Subject:
	Security ID:		S-1-5-18
	Account Name:		VICTIM$
	Account Domain:		WORKGROUP
	Logon ID:		0x3E7

Target Subject:
	Security ID:		S-1-0-0
	Account Name:		-
	Account Domain:		-
	Logon ID:		0x0

Process Information:
	New Process ID:		0x3a30
	New Process Name:	C:\Program Files\SplunkUniversalForwarder\bin\splunk-admon.exe
	Token Elevation Type:	TokenElevationTypeDefault (1)
	Mandatory Label:		S-1-16-16384
	Creator Process ID:	0x1860
	Creator Process Name:	C:\Program Files\SplunkUniversalForwarder\bin\splunkd.exe
	Process Command Line:	""C:\Program Files\SplunkUniversalForwarder\bin\splunk-admon.exe""

Token Elevation Type indicates the type of token that was assigned to the new process in accordance with User Account Control policy.

Type 1 is a full token with no privileges removed or groups disabled.  A full token is only used if User Account Control is disabled or if the user is the built-in Administrator account or a service account.

Type 2 is an elevated token with no privileges removed or groups disabled.  An elevated token is used when User Account Control is enabled and the user chooses to start the program using Run as administrator.  An elevated token is also used when an application is configured to always require administrative privilege or to always require maximum privilege, and the user is a member of the Administrators group.

Type 3 is a limited token with administrative privileges removed and administrative groups disabled.  The limited token is used when User Account Control is enabled, the application does not require administrative privilege, and the user does not choose to start the program using Run as administrator.","2026-02-03T18:05:35.670+00:00",,VICTIM,main,41,"//_::._=====___.===_=__==_____.\r\r_:\rt_:tt---\rt_:tt","WinEventLog:Security","WinEventLog:Security",ubuntusplunk,
"WORKGROUP
-","VICTIM$
-",,VICTIM,0x1860,"C:\Program Files\SplunkUniversalForwarder\bin\splunkd.exe",,4688,0,,,"Audit Success",,Security,,"0x3E7
0x0",,,"S-1-16-16384","A new process has been created.

Creator Subject:
	Security ID:		S-1-5-18
	Account Name:		VICTIM$
	Account Domain:		WORKGROUP
	Logon ID:		0x3E7

Target Subject:
	Security ID:		S-1-0-0
	Account Name:		-
