	Account Domain:		-
	Logon ID:		0x0

Process Information:
	New Process ID:		0x18c8
	New Process Name:	C:\Program Files\SplunkUniversalForwarder\bin\splunk-powershell.exe
	Token Elevation Type:	TokenElevationTypeDefault (1)
	Mandatory Label:		S-1-16-16384
	Creator Process ID:	0x1860
	Creator Process Name:	C:\Program Files\SplunkUniversalForwarder\bin\splunkd.exe
	Process Command Line:	""C:\Program Files\SplunkUniversalForwarder\bin\splunk-powershell.exe"" --ps2

Token Elevation Type indicates the type of token that was assigned to the new process in accordance with User Account Control policy.

Type 1 is a full token with no privileges removed or groups disabled.  A full token is only used if User Account Control is disabled or if the user is the built-in Administrator account or a service account.

Type 2 is an elevated token with no privileges removed or groups disabled.  An elevated token is used when User Account Control is enabled and the user chooses to start the program using Run as administrator.  An elevated token is also used when an application is configured to always require administrative privilege or to always require maximum privilege, and the user is a member of the Administrators group.

Type 3 is a limited token with administrative privileges removed and administrative groups disabled.  The limited token is used when User Account Control is enabled, the application does not require administrative privilege, and the user does not choose to start the program using Run as administrator.","2026-02-03T17:48:37.804+00:00",,VICTIM,main,41,"//_::._=====___.===_=__==_____.\r\r_:\rt_:tt---\rt_:tt","WinEventLog:Security","WinEventLog:Security",ubuntusplunk,
"WORKGROUP
-","VICTIM$
-",,VICTIM,0x1860,"C:\Program Files\SplunkUniversalForwarder\bin\splunkd.exe",,4688,0,,,"Audit Success",,Security,,"0x3E7
0x0",,,"S-1-16-16384","A new process has been created.

Creator Subject:
	Security ID:		S-1-5-18
	Account Name:		VICTIM$
	Account Domain:		WORKGROUP
	Logon ID:		0x3E7

Target Subject:
	Security ID:		S-1-0-0
	Account Name:		-
	Account Domain:		-
	Logon ID:		0x0

Process Information:
	New Process ID:		0x2ed8
	New Process Name:	C:\Program Files\SplunkUniversalForwarder\bin\splunk-netmon.exe
	Token Elevation Type:	TokenElevationTypeDefault (1)
	Mandatory Label:		S-1-16-16384
	Creator Process ID:	0x1860
	Creator Process Name:	C:\Program Files\SplunkUniversalForwarder\bin\splunkd.exe
	Process Command Line:	""C:\Program Files\SplunkUniversalForwarder\bin\splunk-netmon.exe""

Token Elevation Type indicates the type of token that was assigned to the new process in accordance with User Account Control policy.

Type 1 is a full token with no privileges removed or groups disabled.  A full token is only used if User Account Control is disabled or if the user is the built-in Administrator account or a service account.

Type 2 is an elevated token with no privileges removed or groups disabled.  An elevated token is used when User Account Control is enabled and the user chooses to start the program using Run as administrator.  An elevated token is also used when an application is configured to always require administrative privilege or to always require maximum privilege, and the user is a member of the Administrators group.

Type 3 is a limited token with administrative privileges removed and administrative groups disabled.  The limited token is used when User Account Control is enabled, the application does not require administrative privilege, and the user does not choose to start the program using Run as administrator.",,,0x2ed8,"C:\Program Files\SplunkUniversalForwarder\bin\splunk-netmon.exe",Info,,,"""C:\Program Files\SplunkUniversalForwarder\bin\splunk-netmon.exe""",,,88604,,,"S-1-5-18
S-1-0-0",,,"Microsoft Windows security auditing.",,,"Audit Policy Change","TokenElevationTypeDefault (1)",,Information,,,"02/03/2026 05:48:37.116 PM
LogName=Security
EventCode=4688
EventType=0
ComputerName=VICTIM
SourceName=Microsoft Windows security auditing.
Type=Information
RecordNumber=88604
Keywords=Audit Success
TaskCategory=Audit Policy Change
OpCode=Info
Message=A new process has been created.

Creator Subject:
	Security ID:		S-1-5-18
	Account Name:		VICTIM$
	Account Domain:		WORKGROUP
	Logon ID:		0x3E7

Target Subject:
	Security ID:		S-1-0-0
	Account Name:		-
	Account Domain:		-
	Logon ID:		0x0

Process Information:
	New Process ID:		0x2ed8
	New Process Name:	C:\Program Files\SplunkUniversalForwarder\bin\splunk-netmon.exe
	Token Elevation Type:	TokenElevationTypeDefault (1)
	Mandatory Label:		S-1-16-16384
	Creator Process ID:	0x1860
	Creator Process Name:	C:\Program Files\SplunkUniversalForwarder\bin\splunkd.exe
	Process Command Line:	""C:\Program Files\SplunkUniversalForwarder\bin\splunk-netmon.exe""

Token Elevation Type indicates the type of token that was assigned to the new process in accordance with User Account Control policy.

Type 1 is a full token with no privileges removed or groups disabled.  A full token is only used if User Account Control is disabled or if the user is the built-in Administrator account or a service account.

Type 2 is an elevated token with no privileges removed or groups disabled.  An elevated token is used when User Account Control is enabled and the user chooses to start the program using Run as administrator.  An elevated token is also used when an application is configured to always require administrative privilege or to always require maximum privilege, and the user is a member of the Administrators group.

Type 3 is a limited token with administrative privileges removed and administrative groups disabled.  The limited token is used when User Account Control is enabled, the application does not require administrative privilege, and the user does not choose to start the program using Run as administrator.","2026-02-03T17:48:37.116+00:00",,VICTIM,main,41,"//_::._=====___.===_=__==_____.\r\r_:\rt_:tt---\rt_:tt","WinEventLog:Security","WinEventLog:Security",ubuntusplunk,
"WORKGROUP
-","VICTIM$
-",,VICTIM,0x1860,"C:\Program Files\SplunkUniversalForwarder\bin\splunkd.exe",,4688,0,,,"Audit Success",,Security,,"0x3E7
0x0",,,"S-1-16-16384","A new process has been created.

Creator Subject:
	Security ID:		S-1-5-18
	Account Name:		VICTIM$
	Account Domain:		WORKGROUP
	Logon ID:		0x3E7

Target Subject:
	Security ID:		S-1-0-0
	Account Name:		-
	Account Domain:		-
	Logon ID:		0x0

Process Information:
	New Process ID:		0x1878
	New Process Name:	C:\Program Files\SplunkUniversalForwarder\bin\splunk-MonitorNoHandle.exe
	Token Elevation Type:	TokenElevationTypeDefault (1)
	Mandatory Label:		S-1-16-16384
	Creator Process ID:	0x1860
	Creator Process Name:	C:\Program Files\SplunkUniversalForwarder\bin\splunkd.exe
	Process Command Line:	""C:\Program Files\SplunkUniversalForwarder\bin\splunk-MonitorNoHandle.exe""

Token Elevation Type indicates the type of token that was assigned to the new process in accordance with User Account Control policy.

Type 1 is a full token with no privileges removed or groups disabled.  A full token is only used if User Account Control is disabled or if the user is the built-in Administrator account or a service account.

Type 2 is an elevated token with no privileges removed or groups disabled.  An elevated token is used when User Account Control is enabled and the user chooses to start the program using Run as administrator.  An elevated token is also used when an application is configured to always require administrative privilege or to always require maximum privilege, and the user is a member of the Administrators group.

Type 3 is a limited token with administrative privileges removed and administrative groups disabled.  The limited token is used when User Account Control is enabled, the application does not require administrative privilege, and the user does not choose to start the program using Run as administrator.",,,0x1878,"C:\Program Files\SplunkUniversalForwarder\bin\splunk-MonitorNoHandle.exe",Info,,,"""C:\Program Files\SplunkUniversalForwarder\bin\splunk-MonitorNoHandle.exe""",,,88603,,,"S-1-5-18
S-1-0-0",,,"Microsoft Windows security auditing.",,,"Audit Policy Change","TokenElevationTypeDefault (1)",,Information,,,"02/03/2026 05:48:36.334 PM
LogName=Security
EventCode=4688
EventType=0
ComputerName=VICTIM
SourceName=Microsoft Windows security auditing.
Type=Information
RecordNumber=88603
Keywords=Audit Success
TaskCategory=Audit Policy Change
OpCode=Info
Message=A new process has been created.

Creator Subject:
	Security ID:		S-1-5-18
	Account Name:		VICTIM$
	Account Domain:		WORKGROUP
	Logon ID:		0x3E7

Target Subject:
	Security ID:		S-1-0-0
	Account Name:		-
	Account Domain:		-
	Logon ID:		0x0

Process Information:
	New Process ID:		0x1878
	New Process Name:	C:\Program Files\SplunkUniversalForwarder\bin\splunk-MonitorNoHandle.exe
	Token Elevation Type:	TokenElevationTypeDefault (1)
	Mandatory Label:		S-1-16-16384
	Creator Process ID:	0x1860
	Creator Process Name:	C:\Program Files\SplunkUniversalForwarder\bin\splunkd.exe
	Process Command Line:	""C:\Program Files\SplunkUniversalForwarder\bin\splunk-MonitorNoHandle.exe""

Token Elevation Type indicates the type of token that was assigned to the new process in accordance with User Account Control policy.

Type 1 is a full token with no privileges removed or groups disabled.  A full token is only used if User Account Control is disabled or if the user is the built-in Administrator account or a service account.

Type 2 is an elevated token with no privileges removed or groups disabled.  An elevated token is used when User Account Control is enabled and the user chooses to start the program using Run as administrator.  An elevated token is also used when an application is configured to always require administrative privilege or to always require maximum privilege, and the user is a member of the Administrators group.

Type 3 is a limited token with administrative privileges removed and administrative groups disabled.  The limited token is used when User Account Control is enabled, the application does not require administrative privilege, and the user does not choose to start the program using Run as administrator.","2026-02-03T17:48:36.334+00:00",,VICTIM,main,41,"//_::._=====___.===_=__==_____.\r\r_:\rt_:tt---\rt_:tt","WinEventLog:Security","WinEventLog:Security",ubuntusplunk,
"WORKGROUP
-","VICTIM$
-",,VICTIM,0x1860,"C:\Program Files\SplunkUniversalForwarder\bin\splunkd.exe",,4688,0,,,"Audit Success",,Security,,"0x3E7
0x0",,,"S-1-16-16384","A new process has been created.

Creator Subject:
	Security ID:		S-1-5-18
	Account Name:		VICTIM$
	Account Domain:		WORKGROUP
	Logon ID:		0x3E7

Target Subject:
	Security ID:		S-1-0-0
	Account Name:		-
	Account Domain:		-
	Logon ID:		0x0

Process Information:
	New Process ID:		0x2e94
	New Process Name:	C:\Program Files\SplunkUniversalForwarder\bin\splunk-admon.exe
	Token Elevation Type:	TokenElevationTypeDefault (1)
	Mandatory Label:		S-1-16-16384
	Creator Process ID:	0x1860
	Creator Process Name:	C:\Program Files\SplunkUniversalForwarder\bin\splunkd.exe
	Process Command Line:	""C:\Program Files\SplunkUniversalForwarder\bin\splunk-admon.exe""

Token Elevation Type indicates the type of token that was assigned to the new process in accordance with User Account Control policy.

Type 1 is a full token with no privileges removed or groups disabled.  A full token is only used if User Account Control is disabled or if the user is the built-in Administrator account or a service account.

Type 2 is an elevated token with no privileges removed or groups disabled.  An elevated token is used when User Account Control is enabled and the user chooses to start the program using Run as administrator.  An elevated token is also used when an application is configured to always require administrative privilege or to always require maximum privilege, and the user is a member of the Administrators group.

Type 3 is a limited token with administrative privileges removed and administrative groups disabled.  The limited token is used when User Account Control is enabled, the application does not require administrative privilege, and the user does not choose to start the program using Run as administrator.",,,0x2e94,"C:\Program Files\SplunkUniversalForwarder\bin\splunk-admon.exe",Info,,,"""C:\Program Files\SplunkUniversalForwarder\bin\splunk-admon.exe""",,,88602,,,"S-1-5-18
S-1-0-0",,,"Microsoft Windows security auditing.",,,"Audit Policy Change","TokenElevationTypeDefault (1)",,Information,,,"02/03/2026 05:48:35.569 PM
LogName=Security
EventCode=4688
EventType=0
ComputerName=VICTIM
SourceName=Microsoft Windows security auditing.
Type=Information
RecordNumber=88602
Keywords=Audit Success
TaskCategory=Audit Policy Change
OpCode=Info
Message=A new process has been created.

Creator Subject:
	Security ID:		S-1-5-18
	Account Name:		VICTIM$
	Account Domain:		WORKGROUP
	Logon ID:		0x3E7

Target Subject:
	Security ID:		S-1-0-0
	Account Name:		-
	Account Domain:		-
	Logon ID:		0x0

Process Information:
	New Process ID:		0x2e94
	New Process Name:	C:\Program Files\SplunkUniversalForwarder\bin\splunk-admon.exe
	Token Elevation Type:	TokenElevationTypeDefault (1)
	Mandatory Label:		S-1-16-16384
	Creator Process ID:	0x1860
	Creator Process Name:	C:\Program Files\SplunkUniversalForwarder\bin\splunkd.exe
	Process Command Line:	""C:\Program Files\SplunkUniversalForwarder\bin\splunk-admon.exe""

Token Elevation Type indicates the type of token that was assigned to the new process in accordance with User Account Control policy.

Type 1 is a full token with no privileges removed or groups disabled.  A full token is only used if User Account Control is disabled or if the user is the built-in Administrator account or a service account.

Type 2 is an elevated token with no privileges removed or groups disabled.  An elevated token is used when User Account Control is enabled and the user chooses to start the program using Run as administrator.  An elevated token is also used when an application is configured to always require administrative privilege or to always require maximum privilege, and the user is a member of the Administrators group.

Type 3 is a limited token with administrative privileges removed and administrative groups disabled.  The limited token is used when User Account Control is enabled, the application does not require administrative privilege, and the user does not choose to start the program using Run as administrator.","2026-02-03T17:48:35.569+00:00",,VICTIM,main,41,"//_::._=====___.===_=__==_____.\r\r_:\rt_:tt---\rt_:tt","WinEventLog:Security","WinEventLog:Security",ubuntusplunk,
"WORKGROUP
-","VICTIM$
-",,VICTIM,0x1860,"C:\Program Files\SplunkUniversalForwarder\bin\splunkd.exe",,4688,0,,,"Audit Success",,Security,,"0x3E7
0x0",,,"S-1-16-16384","A new process has been created.

Creator Subject:
	Security ID:		S-1-5-18
	Account Name:		VICTIM$
	Account Domain:		WORKGROUP
	Logon ID:		0x3E7

Target Subject:
	Security ID:		S-1-0-0
	Account Name:		-
	Account Domain:		-
	Logon ID:		0x0

Process Information:
	New Process ID:		0x2eac
	New Process Name:	C:\Program Files\SplunkUniversalForwarder\bin\splunk-powershell.exe
	Token Elevation Type:	TokenElevationTypeDefault (1)
	Mandatory Label:		S-1-16-16384
	Creator Process ID:	0x1860
	Creator Process Name:	C:\Program Files\SplunkUniversalForwarder\bin\splunkd.exe
	Process Command Line:	""C:\Program Files\SplunkUniversalForwarder\bin\splunk-powershell.exe""

Token Elevation Type indicates the type of token that was assigned to the new process in accordance with User Account Control policy.

Type 1 is a full token with no privileges removed or groups disabled.  A full token is only used if User Account Control is disabled or if the user is the built-in Administrator account or a service account.

Type 2 is an elevated token with no privileges removed or groups disabled.  An elevated token is used when User Account Control is enabled and the user chooses to start the program using Run as administrator.  An elevated token is also used when an application is configured to always require administrative privilege or to always require maximum privilege, and the user is a member of the Administrators group.

Type 3 is a limited token with administrative privileges removed and administrative groups disabled.  The limited token is used when User Account Control is enabled, the application does not require administrative privilege, and the user does not choose to start the program using Run as administrator.",,,0x2eac,"C:\Program Files\SplunkUniversalForwarder\bin\splunk-powershell.exe",Info,,,"""C:\Program Files\SplunkUniversalForwarder\bin\splunk-powershell.exe""",,,88601,,,"S-1-5-18
S-1-0-0",,,"Microsoft Windows security auditing.",,,"Audit Policy Change","TokenElevationTypeDefault (1)",,Information,,,"02/03/2026 05:48:34.789 PM
LogName=Security
EventCode=4688
EventType=0
ComputerName=VICTIM
SourceName=Microsoft Windows security auditing.
Type=Information
RecordNumber=88601
Keywords=Audit Success
TaskCategory=Audit Policy Change
OpCode=Info
Message=A new process has been created.

Creator Subject:
	Security ID:		S-1-5-18
	Account Name:		VICTIM$
	Account Domain:		WORKGROUP
	Logon ID:		0x3E7

Target Subject:
	Security ID:		S-1-0-0
	Account Name:		-
	Account Domain:		-
	Logon ID:		0x0

Process Information:
	New Process ID:		0x2eac
	New Process Name:	C:\Program Files\SplunkUniversalForwarder\bin\splunk-powershell.exe
	Token Elevation Type:	TokenElevationTypeDefault (1)
	Mandatory Label:		S-1-16-16384
	Creator Process ID:	0x1860
	Creator Process Name:	C:\Program Files\SplunkUniversalForwarder\bin\splunkd.exe
	Process Command Line:	""C:\Program Files\SplunkUniversalForwarder\bin\splunk-powershell.exe""

Token Elevation Type indicates the type of token that was assigned to the new process in accordance with User Account Control policy.

Type 1 is a full token with no privileges removed or groups disabled.  A full token is only used if User Account Control is disabled or if the user is the built-in Administrator account or a service account.

Type 2 is an elevated token with no privileges removed or groups disabled.  An elevated token is used when User Account Control is enabled and the user chooses to start the program using Run as administrator.  An elevated token is also used when an application is configured to always require administrative privilege or to always require maximum privilege, and the user is a member of the Administrators group.

Type 3 is a limited token with administrative privileges removed and administrative groups disabled.  The limited token is used when User Account Control is enabled, the application does not require administrative privilege, and the user does not choose to start the program using Run as administrator.","2026-02-03T17:48:34.789+00:00",,VICTIM,main,41,"//_::._=====___.===_=__==_____.\r\r_:\rt_:tt---\rt_:tt","WinEventLog:Security","WinEventLog:Security",ubuntusplunk,
"WORKGROUP
-","VICTIM$
-",,VICTIM,0x1860,"C:\Program Files\SplunkUniversalForwarder\bin\splunkd.exe",,4688,0,,,"Audit Success",,Security,,"0x3E7
0x0",,,"S-1-16-16384","A new process has been created.

Creator Subject:
	Security ID:		S-1-5-18
	Account Name:		VICTIM$
	Account Domain:		WORKGROUP
	Logon ID:		0x3E7

Target Subject:
	Security ID:		S-1-0-0
	Account Name:		-
	Account Domain:		-
	Logon ID:		0x0

Process Information:
	New Process ID:		0x3f50
	New Process Name:	C:\Program Files\SplunkUniversalForwarder\bin\splunk-regmon.exe
	Token Elevation Type:	TokenElevationTypeDefault (1)
	Mandatory Label:		S-1-16-16384
	Creator Process ID:	0x1860
	Creator Process Name:	C:\Program Files\SplunkUniversalForwarder\bin\splunkd.exe
	Process Command Line:	""C:\Program Files\SplunkUniversalForwarder\bin\splunk-regmon.exe""

Token Elevation Type indicates the type of token that was assigned to the new process in accordance with User Account Control policy.

Type 1 is a full token with no privileges removed or groups disabled.  A full token is only used if User Account Control is disabled or if the user is the built-in Administrator account or a service account.

Type 2 is an elevated token with no privileges removed or groups disabled.  An elevated token is used when User Account Control is enabled and the user chooses to start the program using Run as administrator.  An elevated token is also used when an application is configured to always require administrative privilege or to always require maximum privilege, and the user is a member of the Administrators group.

Type 3 is a limited token with administrative privileges removed and administrative groups disabled.  The limited token is used when User Account Control is enabled, the application does not require administrative privilege, and the user does not choose to start the program using Run as administrator.",,,0x3f50,"C:\Program Files\SplunkUniversalForwarder\bin\splunk-regmon.exe",Info,,,"""C:\Program Files\SplunkUniversalForwarder\bin\splunk-regmon.exe""",,,88600,,,"S-1-5-18
S-1-0-0",,,"Microsoft Windows security auditing.",,,"Audit Policy Change","TokenElevationTypeDefault (1)",,Information,,,"02/03/2026 05:47:38.463 PM
LogName=Security
EventCode=4688
EventType=0
ComputerName=VICTIM
SourceName=Microsoft Windows security auditing.
Type=Information
RecordNumber=88600
Keywords=Audit Success
TaskCategory=Audit Policy Change
OpCode=Info
Message=A new process has been created.

Creator Subject:
	Security ID:		S-1-5-18
	Account Name:		VICTIM$
	Account Domain:		WORKGROUP
	Logon ID:		0x3E7

Target Subject:
	Security ID:		S-1-0-0
	Account Name:		-
	Account Domain:		-
	Logon ID:		0x0

Process Information:
	New Process ID:		0x3f50
	New Process Name:	C:\Program Files\SplunkUniversalForwarder\bin\splunk-regmon.exe
	Token Elevation Type:	TokenElevationTypeDefault (1)
	Mandatory Label:		S-1-16-16384
	Creator Process ID:	0x1860
	Creator Process Name:	C:\Program Files\SplunkUniversalForwarder\bin\splunkd.exe
	Process Command Line:	""C:\Program Files\SplunkUniversalForwarder\bin\splunk-regmon.exe""

Token Elevation Type indicates the type of token that was assigned to the new process in accordance with User Account Control policy.

Type 1 is a full token with no privileges removed or groups disabled.  A full token is only used if User Account Control is disabled or if the user is the built-in Administrator account or a service account.

Type 2 is an elevated token with no privileges removed or groups disabled.  An elevated token is used when User Account Control is enabled and the user chooses to start the program using Run as administrator.  An elevated token is also used when an application is configured to always require administrative privilege or to always require maximum privilege, and the user is a member of the Administrators group.

Type 3 is a limited token with administrative privileges removed and administrative groups disabled.  The limited token is used when User Account Control is enabled, the application does not require administrative privilege, and the user does not choose to start the program using Run as administrator.","2026-02-03T17:47:38.463+00:00",,VICTIM,main,41,"//_::._=====___.===_=__==_____.\r\r_:\rt_:tt---\rt_:tt","WinEventLog:Security","WinEventLog:Security",ubuntusplunk,
"WORKGROUP
-","VICTIM$
-",,VICTIM,0x1860,"C:\Program Files\SplunkUniversalForwarder\bin\splunkd.exe",,4688,0,,,"Audit Success",,Security,,"0x3E7
0x0",,,"S-1-16-16384","A new process has been created.

Creator Subject:
	Security ID:		S-1-5-18
	Account Name:		VICTIM$
	Account Domain:		WORKGROUP
	Logon ID:		0x3E7

Target Subject:
	Security ID:		S-1-0-0
	Account Name:		-
	Account Domain:		-
	Logon ID:		0x0

Process Information:
	New Process ID:		0x3adc
	New Process Name:	C:\Program Files\SplunkUniversalForwarder\bin\splunk-powershell.exe
	Token Elevation Type:	TokenElevationTypeDefault (1)
	Mandatory Label:		S-1-16-16384
	Creator Process ID:	0x1860
	Creator Process Name:	C:\Program Files\SplunkUniversalForwarder\bin\splunkd.exe
	Process Command Line:	""C:\Program Files\SplunkUniversalForwarder\bin\splunk-powershell.exe"" --ps2

Token Elevation Type indicates the type of token that was assigned to the new process in accordance with User Account Control policy.

Type 1 is a full token with no privileges removed or groups disabled.  A full token is only used if User Account Control is disabled or if the user is the built-in Administrator account or a service account.

Type 2 is an elevated token with no privileges removed or groups disabled.  An elevated token is used when User Account Control is enabled and the user chooses to start the program using Run as administrator.  An elevated token is also used when an application is configured to always require administrative privilege or to always require maximum privilege, and the user is a member of the Administrators group.

Type 3 is a limited token with administrative privileges removed and administrative groups disabled.  The limited token is used when User Account Control is enabled, the application does not require administrative privilege, and the user does not choose to start the program using Run as administrator.",,,0x3adc,"C:\Program Files\SplunkUniversalForwarder\bin\splunk-powershell.exe",Info,,,"""C:\Program Files\SplunkUniversalForwarder\bin\splunk-powershell.exe"" --ps2",,,88599,,,"S-1-5-18
S-1-0-0",,,"Microsoft Windows security auditing.",,,"Audit Policy Change","TokenElevationTypeDefault (1)",,Information,,,"02/03/2026 05:47:37.698 PM
LogName=Security
EventCode=4688
EventType=0
ComputerName=VICTIM
SourceName=Microsoft Windows security auditing.
Type=Information
RecordNumber=88599
Keywords=Audit Success
TaskCategory=Audit Policy Change
OpCode=Info
Message=A new process has been created.

Creator Subject:
	Security ID:		S-1-5-18
	Account Name:		VICTIM$
	Account Domain:		WORKGROUP
	Logon ID:		0x3E7

Target Subject:
	Security ID:		S-1-0-0
	Account Name:		-
	Account Domain:		-
	Logon ID:		0x0

Process Information:
	New Process ID:		0x3adc
	New Process Name:	C:\Program Files\SplunkUniversalForwarder\bin\splunk-powershell.exe
	Token Elevation Type:	TokenElevationTypeDefault (1)
	Mandatory Label:		S-1-16-16384
	Creator Process ID:	0x1860
	Creator Process Name:	C:\Program Files\SplunkUniversalForwarder\bin\splunkd.exe
	Process Command Line:	""C:\Program Files\SplunkUniversalForwarder\bin\splunk-powershell.exe"" --ps2

Token Elevation Type indicates the type of token that was assigned to the new process in accordance with User Account Control policy.

Type 1 is a full token with no privileges removed or groups disabled.  A full token is only used if User Account Control is disabled or if the user is the built-in Administrator account or a service account.

Type 2 is an elevated token with no privileges removed or groups disabled.  An elevated token is used when User Account Control is enabled and the user chooses to start the program using Run as administrator.  An elevated token is also used when an application is configured to always require administrative privilege or to always require maximum privilege, and the user is a member of the Administrators group.

Type 3 is a limited token with administrative privileges removed and administrative groups disabled.  The limited token is used when User Account Control is enabled, the application does not require administrative privilege, and the user does not choose to start the program using Run as administrator.","2026-02-03T17:47:37.698+00:00",,VICTIM,main,41,"//_::._=====___.===_=__==_____.\r\r_:\rt_:tt---\rt_:tt","WinEventLog:Security","WinEventLog:Security",ubuntusplunk,
"WORKGROUP
-","VICTIM$
-",,VICTIM,0x1860,"C:\Program Files\SplunkUniversalForwarder\bin\splunkd.exe",,4688,0,,,"Audit Success",,Security,,"0x3E7
0x0",,,"S-1-16-16384","A new process has been created.

Creator Subject:
	Security ID:		S-1-5-18
	Account Name:		VICTIM$
	Account Domain:		WORKGROUP
	Logon ID:		0x3E7

Target Subject:
	Security ID:		S-1-0-0
	Account Name:		-
	Account Domain:		-
	Logon ID:		0x0

Process Information:
	New Process ID:		0xb8c
	New Process Name:	C:\Program Files\SplunkUniversalForwarder\bin\splunk-MonitorNoHandle.exe
	Token Elevation Type:	TokenElevationTypeDefault (1)
	Mandatory Label:		S-1-16-16384
	Creator Process ID:	0x1860
	Creator Process Name:	C:\Program Files\SplunkUniversalForwarder\bin\splunkd.exe
	Process Command Line:	""C:\Program Files\SplunkUniversalForwarder\bin\splunk-MonitorNoHandle.exe""

Token Elevation Type indicates the type of token that was assigned to the new process in accordance with User Account Control policy.

Type 1 is a full token with no privileges removed or groups disabled.  A full token is only used if User Account Control is disabled or if the user is the built-in Administrator account or a service account.

Type 2 is an elevated token with no privileges removed or groups disabled.  An elevated token is used when User Account Control is enabled and the user chooses to start the program using Run as administrator.  An elevated token is also used when an application is configured to always require administrative privilege or to always require maximum privilege, and the user is a member of the Administrators group.

Type 3 is a limited token with administrative privileges removed and administrative groups disabled.  The limited token is used when User Account Control is enabled, the application does not require administrative privilege, and the user does not choose to start the program using Run as administrator.",,,0xb8c,"C:\Program Files\SplunkUniversalForwarder\bin\splunk-MonitorNoHandle.exe",Info,,,"""C:\Program Files\SplunkUniversalForwarder\bin\splunk-MonitorNoHandle.exe""",,,88598,,,"S-1-5-18
S-1-0-0",,,"Microsoft Windows security auditing.",,,"Audit Policy Change","TokenElevationTypeDefault (1)",,Information,,,"02/03/2026 05:47:37.061 PM
LogName=Security
EventCode=4688
EventType=0
ComputerName=VICTIM
SourceName=Microsoft Windows security auditing.
Type=Information
RecordNumber=88598
Keywords=Audit Success
TaskCategory=Audit Policy Change
OpCode=Info
Message=A new process has been created.

Creator Subject:
	Security ID:		S-1-5-18
	Account Name:		VICTIM$
	Account Domain:		WORKGROUP
	Logon ID:		0x3E7

Target Subject:
	Security ID:		S-1-0-0
	Account Name:		-
	Account Domain:		-
	Logon ID:		0x0

Process Information:
	New Process ID:		0xb8c
	New Process Name:	C:\Program Files\SplunkUniversalForwarder\bin\splunk-MonitorNoHandle.exe
	Token Elevation Type:	TokenElevationTypeDefault (1)
	Mandatory Label:		S-1-16-16384
	Creator Process ID:	0x1860
	Creator Process Name:	C:\Program Files\SplunkUniversalForwarder\bin\splunkd.exe
	Process Command Line:	""C:\Program Files\SplunkUniversalForwarder\bin\splunk-MonitorNoHandle.exe""

Token Elevation Type indicates the type of token that was assigned to the new process in accordance with User Account Control policy.

Type 1 is a full token with no privileges removed or groups disabled.  A full token is only used if User Account Control is disabled or if the user is the built-in Administrator account or a service account.

Type 2 is an elevated token with no privileges removed or groups disabled.  An elevated token is used when User Account Control is enabled and the user chooses to start the program using Run as administrator.  An elevated token is also used when an application is configured to always require administrative privilege or to always require maximum privilege, and the user is a member of the Administrators group.

Type 3 is a limited token with administrative privileges removed and administrative groups disabled.  The limited token is used when User Account Control is enabled, the application does not require administrative privilege, and the user does not choose to start the program using Run as administrator.","2026-02-03T17:47:37.061+00:00",,VICTIM,main,41,"//_::._=====___.===_=__==_____.\r\r_:\rt_:tt---\rt_:tt","WinEventLog:Security","WinEventLog:Security",ubuntusplunk,
"WORKGROUP
-","VICTIM$
-",,VICTIM,0x1860,"C:\Program Files\SplunkUniversalForwarder\bin\splunkd.exe",,4688,0,,,"Audit Success",,Security,,"0x3E7
0x0",,,"S-1-16-16384","A new process has been created.

Creator Subject:
	Security ID:		S-1-5-18
	Account Name:		VICTIM$
	Account Domain:		WORKGROUP
	Logon ID:		0x3E7

Target Subject:
	Security ID:		S-1-0-0
	Account Name:		-
	Account Domain:		-
	Logon ID:		0x0

Process Information:
	New Process ID:		0x398c
	New Process Name:	C:\Program Files\SplunkUniversalForwarder\bin\splunk-powershell.exe
	Token Elevation Type:	TokenElevationTypeDefault (1)
	Mandatory Label:		S-1-16-16384
	Creator Process ID:	0x1860
	Creator Process Name:	C:\Program Files\SplunkUniversalForwarder\bin\splunkd.exe
	Process Command Line:	""C:\Program Files\SplunkUniversalForwarder\bin\splunk-powershell.exe""

Token Elevation Type indicates the type of token that was assigned to the new process in accordance with User Account Control policy.

Type 1 is a full token with no privileges removed or groups disabled.  A full token is only used if User Account Control is disabled or if the user is the built-in Administrator account or a service account.

Type 2 is an elevated token with no privileges removed or groups disabled.  An elevated token is used when User Account Control is enabled and the user chooses to start the program using Run as administrator.  An elevated token is also used when an application is configured to always require administrative privilege or to always require maximum privilege, and the user is a member of the Administrators group.

Type 3 is a limited token with administrative privileges removed and administrative groups disabled.  The limited token is used when User Account Control is enabled, the application does not require administrative privilege, and the user does not choose to start the program using Run as administrator.",,,0x398c,"C:\Program Files\SplunkUniversalForwarder\bin\splunk-powershell.exe",Info,,,"""C:\Program Files\SplunkUniversalForwarder\bin\splunk-powershell.exe""",,,88597,,,"S-1-5-18
S-1-0-0",,,"Microsoft Windows security auditing.",,,"Audit Policy Change","TokenElevationTypeDefault (1)",,Information,,,"02/03/2026 05:47:36.309 PM
LogName=Security
EventCode=4688
EventType=0
ComputerName=VICTIM
SourceName=Microsoft Windows security auditing.
Type=Information
RecordNumber=88597
Keywords=Audit Success
TaskCategory=Audit Policy Change
OpCode=Info
Message=A new process has been created.

Creator Subject:
	Security ID:		S-1-5-18
	Account Name:		VICTIM$
	Account Domain:		WORKGROUP
	Logon ID:		0x3E7

Target Subject:
	Security ID:		S-1-0-0
	Account Name:		-
	Account Domain:		-
	Logon ID:		0x0

Process Information:
	New Process ID:		0x398c
	New Process Name:	C:\Program Files\SplunkUniversalForwarder\bin\splunk-powershell.exe
	Token Elevation Type:	TokenElevationTypeDefault (1)
	Mandatory Label:		S-1-16-16384
	Creator Process ID:	0x1860
	Creator Process Name:	C:\Program Files\SplunkUniversalForwarder\bin\splunkd.exe
	Process Command Line:	""C:\Program Files\SplunkUniversalForwarder\bin\splunk-powershell.exe""

Token Elevation Type indicates the type of token that was assigned to the new process in accordance with User Account Control policy.

Type 1 is a full token with no privileges removed or groups disabled.  A full token is only used if User Account Control is disabled or if the user is the built-in Administrator account or a service account.

Type 2 is an elevated token with no privileges removed or groups disabled.  An elevated token is used when User Account Control is enabled and the user chooses to start the program using Run as administrator.  An elevated token is also used when an application is configured to always require administrative privilege or to always require maximum privilege, and the user is a member of the Administrators group.

Type 3 is a limited token with administrative privileges removed and administrative groups disabled.  The limited token is used when User Account Control is enabled, the application does not require administrative privilege, and the user does not choose to start the program using Run as administrator.","2026-02-03T17:47:36.309+00:00",,VICTIM,main,41,"//_::._=====___.===_=__==_____.\r\r_:\rt_:tt---\rt_:tt","WinEventLog:Security","WinEventLog:Security",ubuntusplunk,
"WORKGROUP
-","VICTIM$
-",,VICTIM,0x1860,"C:\Program Files\SplunkUniversalForwarder\bin\splunkd.exe",,4688,0,,,"Audit Success",,Security,,"0x3E7
0x0",,,"S-1-16-16384","A new process has been created.

Creator Subject:
	Security ID:		S-1-5-18
	Account Name:		VICTIM$
	Account Domain:		WORKGROUP
	Logon ID:		0x3E7

Target Subject:
	Security ID:		S-1-0-0
	Account Name:		-
	Account Domain:		-
	Logon ID:		0x0

Process Information:
	New Process ID:		0xc20
	New Process Name:	C:\Program Files\SplunkUniversalForwarder\bin\splunk-admon.exe
	Token Elevation Type:	TokenElevationTypeDefault (1)
	Mandatory Label:		S-1-16-16384
	Creator Process ID:	0x1860
	Creator Process Name:	C:\Program Files\SplunkUniversalForwarder\bin\splunkd.exe
	Process Command Line:	""C:\Program Files\SplunkUniversalForwarder\bin\splunk-admon.exe""

Token Elevation Type indicates the type of token that was assigned to the new process in accordance with User Account Control policy.

Type 1 is a full token with no privileges removed or groups disabled.  A full token is only used if User Account Control is disabled or if the user is the built-in Administrator account or a service account.

Type 2 is an elevated token with no privileges removed or groups disabled.  An elevated token is used when User Account Control is enabled and the user chooses to start the program using Run as administrator.  An elevated token is also used when an application is configured to always require administrative privilege or to always require maximum privilege, and the user is a member of the Administrators group.

Type 3 is a limited token with administrative privileges removed and administrative groups disabled.  The limited token is used when User Account Control is enabled, the application does not require administrative privilege, and the user does not choose to start the program using Run as administrator.",,,0xc20,"C:\Program Files\SplunkUniversalForwarder\bin\splunk-admon.exe",Info,,,"""C:\Program Files\SplunkUniversalForwarder\bin\splunk-admon.exe""",,,88596,,,"S-1-5-18
S-1-0-0",,,"Microsoft Windows security auditing.",,,"Audit Policy Change","TokenElevationTypeDefault (1)",,Information,,,"02/03/2026 05:47:35.543 PM
LogName=Security
EventCode=4688
EventType=0
ComputerName=VICTIM
SourceName=Microsoft Windows security auditing.
Type=Information
RecordNumber=88596
Keywords=Audit Success
TaskCategory=Audit Policy Change
OpCode=Info
Message=A new process has been created.

Creator Subject:
	Security ID:		S-1-5-18
	Account Name:		VICTIM$
	Account Domain:		WORKGROUP
	Logon ID:		0x3E7

Target Subject:
	Security ID:		S-1-0-0
	Account Name:		-
	Account Domain:		-
	Logon ID:		0x0

Process Information:
	New Process ID:		0xc20
	New Process Name:	C:\Program Files\SplunkUniversalForwarder\bin\splunk-admon.exe
	Token Elevation Type:	TokenElevationTypeDefault (1)
	Mandatory Label:		S-1-16-16384
	Creator Process ID:	0x1860
	Creator Process Name:	C:\Program Files\SplunkUniversalForwarder\bin\splunkd.exe
	Process Command Line:	""C:\Program Files\SplunkUniversalForwarder\bin\splunk-admon.exe""

Token Elevation Type indicates the type of token that was assigned to the new process in accordance with User Account Control policy.

Type 1 is a full token with no privileges removed or groups disabled.  A full token is only used if User Account Control is disabled or if the user is the built-in Administrator account or a service account.

Type 2 is an elevated token with no privileges removed or groups disabled.  An elevated token is used when User Account Control is enabled and the user chooses to start the program using Run as administrator.  An elevated token is also used when an application is configured to always require administrative privilege or to always require maximum privilege, and the user is a member of the Administrators group.

Type 3 is a limited token with administrative privileges removed and administrative groups disabled.  The limited token is used when User Account Control is enabled, the application does not require administrative privilege, and the user does not choose to start the program using Run as administrator.","2026-02-03T17:47:35.543+00:00",,VICTIM,main,41,"//_::._=====___.===_=__==_____.\r\r_:\rt_:tt---\rt_:tt","WinEventLog:Security","WinEventLog:Security",ubuntusplunk,
"WORKGROUP
-","VICTIM$
-",,VICTIM,0x1860,"C:\Program Files\SplunkUniversalForwarder\bin\splunkd.exe",,4688,0,,,"Audit Success",,Security,,"0x3E7
0x0",,,"S-1-16-16384","A new process has been created.

Creator Subject:
	Security ID:		S-1-5-18
	Account Name:		VICTIM$
	Account Domain:		WORKGROUP
	Logon ID:		0x3E7

Target Subject:
	Security ID:		S-1-0-0
	Account Name:		-
	Account Domain:		-
	Logon ID:		0x0

Process Information:
	New Process ID:		0x2334
	New Process Name:	C:\Program Files\SplunkUniversalForwarder\bin\splunk-netmon.exe
	Token Elevation Type:	TokenElevationTypeDefault (1)
	Mandatory Label:		S-1-16-16384
	Creator Process ID:	0x1860
	Creator Process Name:	C:\Program Files\SplunkUniversalForwarder\bin\splunkd.exe
	Process Command Line:	""C:\Program Files\SplunkUniversalForwarder\bin\splunk-netmon.exe""

Token Elevation Type indicates the type of token that was assigned to the new process in accordance with User Account Control policy.

Type 1 is a full token with no privileges removed or groups disabled.  A full token is only used if User Account Control is disabled or if the user is the built-in Administrator account or a service account.

Type 2 is an elevated token with no privileges removed or groups disabled.  An elevated token is used when User Account Control is enabled and the user chooses to start the program using Run as administrator.  An elevated token is also used when an application is configured to always require administrative privilege or to always require maximum privilege, and the user is a member of the Administrators group.

Type 3 is a limited token with administrative privileges removed and administrative groups disabled.  The limited token is used when User Account Control is enabled, the application does not require administrative privilege, and the user does not choose to start the program using Run as administrator.",,,0x2334,"C:\Program Files\SplunkUniversalForwarder\bin\splunk-netmon.exe",Info,,,"""C:\Program Files\SplunkUniversalForwarder\bin\splunk-netmon.exe""",,,88595,,,"S-1-5-18
S-1-0-0",,,"Microsoft Windows security auditing.",,,"Audit Policy Change","TokenElevationTypeDefault (1)",,Information,,,"02/03/2026 05:47:34.778 PM
LogName=Security
EventCode=4688
EventType=0
ComputerName=VICTIM
SourceName=Microsoft Windows security auditing.
Type=Information
RecordNumber=88595
Keywords=Audit Success
TaskCategory=Audit Policy Change
OpCode=Info
Message=A new process has been created.

Creator Subject:
	Security ID:		S-1-5-18
	Account Name:		VICTIM$
	Account Domain:		WORKGROUP
	Logon ID:		0x3E7

Target Subject:
	Security ID:		S-1-0-0
	Account Name:		-
	Account Domain:		-
	Logon ID:		0x0

Process Information:
	New Process ID:		0x2334
	New Process Name:	C:\Program Files\SplunkUniversalForwarder\bin\splunk-netmon.exe
	Token Elevation Type:	TokenElevationTypeDefault (1)
	Mandatory Label:		S-1-16-16384
	Creator Process ID:	0x1860
	Creator Process Name:	C:\Program Files\SplunkUniversalForwarder\bin\splunkd.exe
	Process Command Line:	""C:\Program Files\SplunkUniversalForwarder\bin\splunk-netmon.exe""

Token Elevation Type indicates the type of token that was assigned to the new process in accordance with User Account Control policy.

Type 1 is a full token with no privileges removed or groups disabled.  A full token is only used if User Account Control is disabled or if the user is the built-in Administrator account or a service account.

Type 2 is an elevated token with no privileges removed or groups disabled.  An elevated token is used when User Account Control is enabled and the user chooses to start the program using Run as administrator.  An elevated token is also used when an application is configured to always require administrative privilege or to always require maximum privilege, and the user is a member of the Administrators group.

Type 3 is a limited token with administrative privileges removed and administrative groups disabled.  The limited token is used when User Account Control is enabled, the application does not require administrative privilege, and the user does not choose to start the program using Run as administrator.","2026-02-03T17:47:34.778+00:00",,VICTIM,main,41,"//_::._=====___.===_=__==_____.\r\r_:\rt_:tt---\rt_:tt","WinEventLog:Security","WinEventLog:Security",ubuntusplunk,
"WORKGROUP
-","VICTIM$
-",,VICTIM,0x224,"C:\Windows\System32\services.exe",,4688,0,,,"Audit Success",,Security,,"0x3E7
0x0",,,"S-1-16-16384","A new process has been created.

Creator Subject:
	Security ID:		S-1-5-18
	Account Name:		VICTIM$
	Account Domain:		WORKGROUP
	Logon ID:		0x3E7

Target Subject:
	Security ID:		S-1-0-0
	Account Name:		-
	Account Domain:		-
	Logon ID:		0x0

Process Information:
	New Process ID:		0x214
	New Process Name:	C:\Windows\System32\svchost.exe
	Token Elevation Type:	TokenElevationTypeDefault (1)
	Mandatory Label:		S-1-16-16384
	Creator Process ID:	0x224
	Creator Process Name:	C:\Windows\System32\services.exe
	Process Command Line:	C:\WINDOWS\system32\svchost.exe -k GPSvcGroup

Token Elevation Type indicates the type of token that was assigned to the new process in accordance with User Account Control policy.

Type 1 is a full token with no privileges removed or groups disabled.  A full token is only used if User Account Control is disabled or if the user is the built-in Administrator account or a service account.

Type 2 is an elevated token with no privileges removed or groups disabled.  An elevated token is used when User Account Control is enabled and the user chooses to start the program using Run as administrator.  An elevated token is also used when an application is configured to always require administrative privilege or to always require maximum privilege, and the user is a member of the Administrators group.

Type 3 is a limited token with administrative privileges removed and administrative groups disabled.  The limited token is used when User Account Control is enabled, the application does not require administrative privilege, and the user does not choose to start the program using Run as administrator.",,,0x214,"C:\Windows\System32\svchost.exe",Info,,,"C:\WINDOWS\system32\svchost.exe -k GPSvcGroup",,,88594,,,"S-1-5-18
S-1-0-0",,,"Microsoft Windows security auditing.",,,"Audit Policy Change","TokenElevationTypeDefault (1)",,Information,,,"02/03/2026 05:47:03.255 PM
LogName=Security
EventCode=4688
EventType=0
ComputerName=VICTIM
SourceName=Microsoft Windows security auditing.
Type=Information
RecordNumber=88594
Keywords=Audit Success
TaskCategory=Audit Policy Change
OpCode=Info
Message=A new process has been created.

Creator Subject:
	Security ID:		S-1-5-18
	Account Name:		VICTIM$
	Account Domain:		WORKGROUP
	Logon ID:		0x3E7

Target Subject:
	Security ID:		S-1-0-0
	Account Name:		-
	Account Domain:		-
	Logon ID:		0x0

Process Information:
	New Process ID:		0x214
	New Process Name:	C:\Windows\System32\svchost.exe
	Token Elevation Type:	TokenElevationTypeDefault (1)
	Mandatory Label:		S-1-16-16384
	Creator Process ID:	0x224
	Creator Process Name:	C:\Windows\System32\services.exe
	Process Command Line:	C:\WINDOWS\system32\svchost.exe -k GPSvcGroup

Token Elevation Type indicates the type of token that was assigned to the new process in accordance with User Account Control policy.

Type 1 is a full token with no privileges removed or groups disabled.  A full token is only used if User Account Control is disabled or if the user is the built-in Administrator account or a service account.

Type 2 is an elevated token with no privileges removed or groups disabled.  An elevated token is used when User Account Control is enabled and the user chooses to start the program using Run as administrator.  An elevated token is also used when an application is configured to always require administrative privilege or to always require maximum privilege, and the user is a member of the Administrators group.

Type 3 is a limited token with administrative privileges removed and administrative groups disabled.  The limited token is used when User Account Control is enabled, the application does not require administrative privilege, and the user does not choose to start the program using Run as administrator.","2026-02-03T17:47:03.255+00:00",,VICTIM,main,41,"//_::._=====___.===_=__==_____.\r\r_:\rt_:tt---\rt_:tt","WinEventLog:Security","WinEventLog:Security",ubuntusplunk,
"NT AUTHORITY",SYSTEM,,VICTIM,,,,4672,0,,,"Audit Success",,Security,,0x3E7,,,,"Special privileges assigned to new logon.

Subject:
	Security ID:		S-1-5-18
	Account Name:		SYSTEM
